22:38:16.618859 execve("./server", ["./server"], [/* 60 vars */]) = 0
22:38:16.619488 brk(NULL)               = 0x559cd10b1000
22:38:16.619562 access("/etc/ld.so.nohwcap", F_OK) = -1 ENOENT (No such file or directory)
22:38:16.619592 mmap(NULL, 8192, PROT_READ|PROT_WRITE, MAP_PRIVATE|MAP_ANONYMOUS, -1, 0) = 0x7f75ae138000
22:38:16.619617 access("/etc/ld.so.preload", R_OK) = -1 ENOENT (No such file or directory)
22:38:16.619639 open("/etc/ld.so.cache", O_RDONLY|O_CLOEXEC) = 3
22:38:16.619661 fstat(3, {st_mode=S_IFREG|0644, st_size=101275, ...}) = 0
22:38:16.619681 mmap(NULL, 101275, PROT_READ, MAP_PRIVATE, 3, 0) = 0x7f75ae11f000
22:38:16.619699 close(3)                = 0
22:38:16.619718 access("/etc/ld.so.nohwcap", F_OK) = -1 ENOENT (No such file or directory)
22:38:16.619741 open("/lib/x86_64-linux-gnu/libpthread.so.0", O_RDONLY|O_CLOEXEC) = 3
22:38:16.619762 read(3, "\177ELF\2\1\1\0\0\0\0\0\0\0\0\0\3\0>\0\1\0\0\0\260`\0\0\0\0\0\0"..., 832) = 832
22:38:16.619782 fstat(3, {st_mode=S_IFREG|0755, st_size=138696, ...}) = 0
22:38:16.619801 mmap(NULL, 2212904, PROT_READ|PROT_EXEC, MAP_PRIVATE|MAP_DENYWRITE, 3, 0) = 0x7f75adcf8000
22:38:16.619824 mprotect(0x7f75add10000, 2093056, PROT_NONE) = 0
22:38:16.619845 mmap(0x7f75adf0f000, 8192, PROT_READ|PROT_WRITE, MAP_PRIVATE|MAP_FIXED|MAP_DENYWRITE, 3, 0x17000) = 0x7f75adf0f000
22:38:16.619871 mmap(0x7f75adf11000, 13352, PROT_READ|PROT_WRITE, MAP_PRIVATE|MAP_FIXED|MAP_ANONYMOUS, -1, 0) = 0x7f75adf11000
22:38:16.619897 close(3)                = 0
22:38:16.619920 access("/etc/ld.so.nohwcap", F_OK) = -1 ENOENT (No such file or directory)
22:38:16.619943 open("/lib/x86_64-linux-gnu/libc.so.6", O_RDONLY|O_CLOEXEC) = 3
22:38:16.619964 read(3, "\177ELF\2\1\1\3\0\0\0\0\0\0\0\0\3\0>\0\1\0\0\0P\t\2\0\0\0\0\0"..., 832) = 832
22:38:16.619982 fstat(3, {st_mode=S_IFREG|0755, st_size=1868984, ...}) = 0
22:38:16.620001 mmap(NULL, 3971488, PROT_READ|PROT_EXEC, MAP_PRIVATE|MAP_DENYWRITE, 3, 0) = 0x7f75ad92e000
22:38:16.620020 mprotect(0x7f75adaee000, 2097152, PROT_NONE) = 0
22:38:16.620041 mmap(0x7f75adcee000, 24576, PROT_READ|PROT_WRITE, MAP_PRIVATE|MAP_FIXED|MAP_DENYWRITE, 3, 0x1c0000) = 0x7f75adcee000
22:38:16.620065 mmap(0x7f75adcf4000, 14752, PROT_READ|PROT_WRITE, MAP_PRIVATE|MAP_FIXED|MAP_ANONYMOUS, -1, 0) = 0x7f75adcf4000
22:38:16.620090 close(3)                = 0
22:38:16.620119 mmap(NULL, 4096, PROT_READ|PROT_WRITE, MAP_PRIVATE|MAP_ANONYMOUS, -1, 0) = 0x7f75ae11e000
22:38:16.620143 mmap(NULL, 4096, PROT_READ|PROT_WRITE, MAP_PRIVATE|MAP_ANONYMOUS, -1, 0) = 0x7f75ae11d000
22:38:16.620163 mmap(NULL, 4096, PROT_READ|PROT_WRITE, MAP_PRIVATE|MAP_ANONYMOUS, -1, 0) = 0x7f75ae11c000
22:38:16.620200 arch_prctl(ARCH_SET_FS, 0x7f75ae11d700) = 0
22:38:16.620309 mprotect(0x7f75adcee000, 16384, PROT_READ) = 0
22:38:16.620342 mprotect(0x7f75adf0f000, 4096, PROT_READ) = 0
22:38:16.620390 mprotect(0x559cd02bd000, 4096, PROT_READ) = 0
22:38:16.620415 mprotect(0x7f75ae13a000, 4096, PROT_READ) = 0
22:38:16.620438 munmap(0x7f75ae11f000, 101275) = 0
22:38:16.620468 set_tid_address(0x7f75ae11d9d0) = 11685
22:38:16.620484 set_robust_list(0x7f75ae11d9e0, 24) = 0
22:38:16.620503 rt_sigaction(SIGRTMIN, {0x7f75adcfdb50, [], SA_RESTORER|SA_SIGINFO, 0x7f75add09390}, NULL, 8) = 0
22:38:16.620524 rt_sigaction(SIGRT_1, {0x7f75adcfdbe0, [], SA_RESTORER|SA_RESTART|SA_SIGINFO, 0x7f75add09390}, NULL, 8) = 0
22:38:16.620541 rt_sigprocmask(SIG_UNBLOCK, [RTMIN RT_1], NULL, 8) = 0
22:38:16.620563 getrlimit(RLIMIT_STACK, {rlim_cur=8192*1024, rlim_max=RLIM64_INFINITY}) = 0
22:38:16.620604 rt_sigaction(SIGUSR1, {0x559cd00b9366, ~[RTMIN RT_1], SA_RESTORER, 0x7f75add09390}, NULL, 8) = 0
22:38:16.620627 fstat(1, {st_mode=S_IFCHR|0620, st_rdev=makedev(136, 19), ...}) = 0
22:38:16.620677 brk(NULL)               = 0x559cd10b1000
22:38:16.620693 brk(0x559cd10d2000)     = 0x559cd10d2000
22:38:16.620713 write(1, "ready\n", 6)  = 6
22:38:16.620809 socket(PF_NETLINK, SOCK_RAW, NETLINK_ROUTE) = 3
22:38:16.620835 bind(3, {sa_family=AF_NETLINK, pid=0, groups=00000000}, 12) = 0
22:38:16.620857 getsockname(3, {sa_family=AF_NETLINK, pid=11685, groups=00000000}, [12]) = 0
22:38:16.620887 sendto(3, "\24\0\0\0\26\0\1\3\330e\r[\0\0\0\0\0\0\0\0", 20, 0, {sa_family=AF_NETLINK, pid=0, groups=00000000}, 12) = 20
22:38:16.620917 recvmsg(3, {msg_name(12)={sa_family=AF_NETLINK, pid=0, groups=00000000}, msg_iov(1)=[{"L\0\0\0\24\0\2\0\330e\r[\245-\0\0\2\10\200\376\1\0\0\0\10\0\1\0\177\0\0\1"..., 4096}], msg_controllen=0, msg_flags=0}, 0) = 164
22:38:16.620949 recvmsg(3, {msg_name(12)={sa_family=AF_NETLINK, pid=0, groups=00000000}, msg_iov(1)=[{"H\0\0\0\24\0\2\0\330e\r[\245-\0\0\n\200\200\376\1\0\0\0\24\0\1\0\0\0\0\0"..., 4096}], msg_controllen=0, msg_flags=0}, 0) = 144
22:38:16.620972 recvmsg(3, {msg_name(12)={sa_family=AF_NETLINK, pid=0, groups=00000000}, msg_iov(1)=[{"\24\0\0\0\3\0\2\0\330e\r[\245-\0\0\0\0\0\0", 4096}], msg_controllen=0, msg_flags=0}, 0) = 20
22:38:16.620996 socket(PF_LOCAL, SOCK_STREAM|SOCK_CLOEXEC|SOCK_NONBLOCK, 0) = 4
22:38:16.621016 connect(4, {sa_family=AF_LOCAL, sun_path="/var/run/nscd/socket"}, 110) = -1 ENOENT (No such file or directory)
22:38:16.621044 close(4)                = 0
22:38:16.621064 close(3)                = 0
22:38:16.621084 open("/etc/gai.conf", O_RDONLY|O_CLOEXEC) = 3
22:38:16.621107 fstat(3, {st_mode=S_IFREG|0644, st_size=2584, ...}) = 0
22:38:16.621126 fstat(3, {st_mode=S_IFREG|0644, st_size=2584, ...}) = 0
22:38:16.621146 read(3, "# Configuration for getaddrinfo("..., 4096) = 2584
22:38:16.621170 read(3, "", 4096)       = 0
22:38:16.621187 close(3)                = 0
22:38:16.621358 futex(0x7f75adcf4ee4, FUTEX_WAKE_PRIVATE, 2147483647) = 0
22:38:16.621385 socket(PF_INET6, SOCK_DGRAM, IPPROTO_IP) = 3
22:38:16.621405 connect(3, {sa_family=AF_INET6, sin6_port=htons(0), inet_pton(AF_INET6, "::", &sin6_addr), sin6_flowinfo=0, sin6_scope_id=0}, 28) = 0
22:38:16.621440 getsockname(3, {sa_family=AF_INET6, sin6_port=htons(53544), inet_pton(AF_INET6, "::1", &sin6_addr), sin6_flowinfo=0, sin6_scope_id=0}, [28]) = 0
22:38:16.621461 connect(3, {sa_family=AF_UNSPEC, sa_data="\0\0\0\0\0\0\0\0\0\0\0\0\0\0"}, 16) = 0
22:38:16.621479 connect(3, {sa_family=AF_INET, sin_port=htons(0), sin_addr=inet_addr("0.0.0.0")}, 16) = 0
22:38:16.621508 getsockname(3, {sa_family=AF_INET6, sin6_port=htons(33559), inet_pton(AF_INET6, "::ffff:127.0.0.1", &sin6_addr), sin6_flowinfo=0, sin6_scope_id=0}, [28]) = 0
22:38:16.621528 close(3)                = 0
22:38:16.621550 socket(PF_INET, SOCK_STREAM, IPPROTO_TCP) = 3
22:38:16.621571 setsockopt(3, SOL_SOCKET, SO_REUSEADDR, [1], 4) = 0
22:38:16.621590 bind(3, {sa_family=AF_INET, sin_port=htons(0), sin_addr=inet_addr("0.0.0.0")}, 16) = 0
22:38:16.621609 listen(3, 1024)         = 0
22:38:16.621626 getsockname(3, {sa_family=AF_INET, sin_port=htons(33351), sin_addr=inet_addr("0.0.0.0")}, [16]) = 0
22:38:16.621649 write(1, "33351\n", 6)  = 6
22:38:16.621675 fstat(0, {st_mode=S_IFCHR|0620, st_rdev=makedev(136, 19), ...}) = 0
22:38:16.621695 read(0, "accept", 1024) = 6
22:38:16.684686 read(0, "\n", 1024)     = 1
22:38:16.735855 accept(3, NULL, NULL)   = 4
22:38:17.298212 fcntl(4, F_GETFL)       = 0x2 (flags O_RDWR)
22:38:17.298301 read(0, "readline", 1024) = 8
22:38:17.350514 read(0, "\n", 1024)     = 1
22:38:17.401633 fstat(4, {st_mode=S_IFSOCK|0777, st_size=0, ...}) = 0
22:38:17.401760 read(4, "GET / HTTP/1.1\r\nAccept-Charset: "..., 4096) = 106
22:38:17.401848 write(1, "474554202f20485454502f312e310d0a"..., 33) = 33
22:38:17.401917 read(0, "readline", 1024) = 8
22:38:17.454722 read(0, "\n", 1024)     = 1
22:38:17.506036 write(1, "4163636570742d436861727365743a20"..., 47) = 47
22:38:17.506202 read(0, "readline", 1024) = 8
22:38:17.559305 read(0, "\n", 1024)     = 1
22:38:17.610342 write(1, "486f73743a207777772e62616964752e"..., 43) = 43
22:38:17.610494 read(0, "readline", 1024) = 8
22:38:17.663506 read(0, "\n", 1024)     = 1
22:38:17.714574 write(1, "436f6e6e656374696f6e3a206b656570"..., 49) = 49
22:38:17.714669 read(0, "readline", 1024) = 8
22:38:17.767042 read(0, "\n", 1024)     = 1
22:38:17.817905 write(1, "4163636570743a20766964656f2f6d70"..., 41) = 41
22:38:17.818062 read(0, "readline", 1024) = 8
22:38:17.870137 read(0, "\n", 1024)     = 1
22:38:17.921329 write(1, "0d0a\n", 5)   = 5
22:38:17.921555 read(0, "send 573", 1024) = 8
22:38:17.976520 read(0, "\n", 1024)     = 1
22:38:18.027609 read(0, "485454502f312e312034303120556e61"..., 1024) = 1024
22:38:18.078806 read(0, "922619a525f372bcc340c1c9c8be2bc5"..., 1024) = 122
22:38:18.078950 read(0, "\n", 1024)     = 1
22:38:18.129946 write(4, "HTTP/1.1 401 Unauthorized\r\nAccep"..., 573) = 573
22:38:18.130174 read(0, "close", 1024)  = 5
22:38:19.035115 read(0, "\n", 1024)     = 1
22:38:19.086365 setsockopt(4, SOL_TCP, TCP_NODELAY, [1], 4) = 0
22:38:19.086489 shutdown(4, SHUT_RDWR)  = 0
22:38:19.086609 close(4)                = 0
22:38:19.086792 write(1, "closed\n", 7) = 7
22:38:19.086914 read(0, 0x559cd10b1a40, 1024) = ? ERESTARTSYS (To be restarted if SA_RESTART is set)
22:38:19.087142 --- SIGUSR1 {si_signo=SIGUSR1, si_code=SI_USER, si_pid=11677, si_uid=1000} ---
22:38:19.087178 rt_sigreturn({mask=[]}) = -1 EINTR (Interrupted system call)
22:38:19.087227 read(0, "accept", 1024) = 6
22:38:19.138342 read(0, "\n", 1024)     = 1
22:38:19.189545 accept(3, NULL, NULL)   = 4
22:38:19.607848 fcntl(4, F_GETFL)       = 0x2 (flags O_RDWR)
22:38:19.607959 read(0, "readline", 1024) = 8
22:38:19.659997 read(0, "\n", 1024)     = 1
22:38:19.711038 fstat(4, {st_mode=S_IFSOCK|0777, st_size=0, ...}) = 0
22:38:19.711175 read(4, "GET /DWhhp9OhdmwYr2aa/KCer2E31Pg"..., 4096) = 218
22:38:19.711283 write(1, "474554202f4457686870394f68646d77"..., 233) = 233
22:38:19.711368 read(0, "readline", 1024) = 8
22:38:19.764176 read(0, "\n", 1024)     = 1
22:38:19.815327 write(1, "486f73743a207777772e676f6f676c65"..., 45) = 45
22:38:19.815471 read(0, "readline", 1024) = 8
22:38:19.867499 read(0, "\n", 1024)     = 1
22:38:19.918605 write(1, "436f6e6e656374696f6e3a20636c6f73"..., 39) = 39
22:38:19.918745 read(0, "readline", 1024) = 8
22:38:19.970647 read(0, "\n", 1024)     = 1
22:38:20.021776 write(1, "417574686f72697a6174696f6e3a2042"..., 79) = 79
22:38:20.021929 read(0, "readline", 1024) = 8
22:38:20.073935 read(0, "\n", 1024)     = 1
22:38:20.125206 write(1, "4163636570743a20746578742f706c61"..., 41) = 41
22:38:20.125363 read(0, "readline", 1024) = 8
22:38:20.177683 read(0, "\n", 1024)     = 1
22:38:20.229399 write(1, "0d0a\n", 5)   = 5
22:38:20.229556 read(0, "send 387", 1024) = 8
22:38:20.283820 read(0, "\n", 1024)     = 1
22:38:20.334806 read(0, "485454502f312e312034303120556e61"..., 1024) = 774
22:38:20.385945 read(0, "\n", 1024)     = 1
22:38:20.436922 write(4, "HTTP/1.1 401 Unauthorized\r\nAccep"..., 387) = 387
22:38:20.437139 read(0, "close", 1024)  = 5
22:38:21.011583 read(0, "\n", 1024)     = 1
22:38:21.063178 setsockopt(4, SOL_TCP, TCP_NODELAY, [1], 4) = 0
22:38:21.063342 shutdown(4, SHUT_RDWR)  = 0
22:38:21.063522 close(4)                = 0
22:38:21.063642 write(1, "closed\n", 7) = 7
22:38:21.063747 read(0, 0x559cd10b1a40, 1024) = ? ERESTARTSYS (To be restarted if SA_RESTART is set)
22:38:21.064354 --- SIGUSR1 {si_signo=SIGUSR1, si_code=SI_USER, si_pid=11677, si_uid=1000} ---
22:38:21.064458 rt_sigreturn({mask=[]}) = -1 EINTR (Interrupted system call)
22:38:21.064564 read(0, "accept", 1024) = 6
22:38:21.115906 read(0, "\n", 1024)     = 1
22:38:21.167041 accept(3, NULL, NULL)   = 4
22:38:21.588275 fcntl(4, F_GETFL)       = 0x2 (flags O_RDWR)
22:38:21.588394 read(0, "readline", 1024) = 8
22:38:21.641130 read(0, "\n", 1024)     = 1
22:38:21.692825 fstat(4, {st_mode=S_IFSOCK|0777, st_size=0, ...}) = 0
22:38:21.693004 read(4, "POST /GZMarUwh7ndRUT5VJL/YnJH1KG"..., 4096) = 598
22:38:21.693116 write(1, "504f5354202f475a4d6172557768376e"..., 99) = 99
22:38:21.693215 read(0, "readline", 1024) = 8
22:38:21.745380 read(0, "\n", 1024)     = 1
22:38:21.796954 write(1, "4163636570742d436861727365743a20"..., 47) = 47
22:38:21.797390 read(0, "readline", 1024) = 8
22:38:21.849784 read(0, "\n", 1024)     = 1
22:38:21.900621 write(1, "486f73743a2069706164732e73652e73"..., 57) = 57
22:38:21.901000 read(0, "readline", 1024) = 8
22:38:21.954013 read(0, "\n", 1024)     = 1
22:38:22.005332 write(1, "436f6e6e656374696f6e3a206b656570"..., 49) = 49
22:38:22.005460 read(0, "readline", 1024) = 8
22:38:22.058371 read(0, "\n", 1024)     = 1
22:38:22.109796 write(1, "417574686f72697a6174696f6e3a2042"..., 79) = 79
22:38:22.110137 read(0, "readline", 1024) = 8
22:38:22.161623 read(0, "\n", 1024)     = 1
22:38:22.213737 write(1, "4163636570743a20766964656f2f6d70"..., 41) = 41
22:38:22.214005 read(0, "readline", 1024) = 8
22:38:22.266119 read(0, "\n", 1024)     = 1
22:38:22.317049 write(1, "436f6e74656e742d4c656e6774683a20"..., 43) = 43
22:38:22.317596 read(0, "readline", 1024) = 8
22:38:22.369512 read(0, "\n", 1024)     = 1
22:38:22.421657 write(1, "0d0a\n", 5)   = 5
22:38:22.422123 read(0, "read 392", 1024) = 8
22:38:22.474503 read(0, "\n", 1024)     = 1
22:38:22.525599 write(1, "596178306e49393137653d4d41417662"..., 785) = 785
22:38:22.526352 read(0, "send 607", 1024) = 8
22:38:22.580970 read(0, "\n", 1024)     = 1
22:38:22.631910 read(0, "485454502f312e312034303120556e61"..., 1024) = 1024
22:38:22.683046 read(0, "36dfdddcb9ac1169a0cbdfc0310a17c2"..., 1024) = 190
22:38:22.683190 read(0, "\n", 1024)     = 1
22:38:22.734073 write(4, "HTTP/1.1 401 Unauthorized\r\nAccep"..., 607) = 607
22:38:22.734285 read(0, "close", 1024)  = 5
22:38:23.518345 read(0, "\n", 1024)     = 1
22:38:23.569479 setsockopt(4, SOL_TCP, TCP_NODELAY, [1], 4) = 0
22:38:23.569663 shutdown(4, SHUT_RDWR)  = 0
22:38:23.570112 close(4)                = 0
22:38:23.570274 write(1, "closed\n", 7) = 7
22:38:23.570409 read(0, 0x559cd10b1a40, 1024) = ? ERESTARTSYS (To be restarted if SA_RESTART is set)
22:38:23.570921 --- SIGUSR1 {si_signo=SIGUSR1, si_code=SI_USER, si_pid=11677, si_uid=1000} ---
22:38:23.571007 rt_sigreturn({mask=[]}) = -1 EINTR (Interrupted system call)
22:38:23.571123 read(0, "accept", 1024) = 6
22:38:23.623525 read(0, "\n", 1024)     = 1
22:38:23.674810 accept(3, NULL, NULL)   = ? ERESTARTSYS (To be restarted if SA_RESTART is set)
22:38:24.208100 --- SIGUSR1 {si_signo=SIGUSR1, si_code=SI_USER, si_pid=11677, si_uid=1000} ---
22:38:24.208218 rt_sigreturn({mask=[]}) = -1 EINTR (Interrupted system call)
22:38:24.208342 read(0, "close\n", 1024) = 6
22:38:24.208529 write(1, "closed\n", 7) = 7
22:38:24.208662 read(0, "accept", 1024) = 6
22:38:24.262345 read(0, "\n", 1024)     = 1
22:38:24.314322 accept(3, NULL, NULL)   = 4
22:38:24.732368 fcntl(4, F_GETFL)       = 0x2 (flags O_RDWR)
22:38:24.732431 read(0, "close", 1024)  = 5
22:38:24.783442 read(0, "\n", 1024)     = 1
22:38:24.834577 setsockopt(4, SOL_TCP, TCP_NODELAY, [1], 4) = 0
22:38:24.834672 shutdown(4, SHUT_RDWR)  = 0
22:38:24.834758 close(4)                = 0
22:38:24.834844 write(1, "closed\n", 7) = 7
22:38:24.834910 read(0, 0x559cd10b1a40, 1024) = ? ERESTARTSYS (To be restarted if SA_RESTART is set)
22:38:24.835019 --- SIGUSR1 {si_signo=SIGUSR1, si_code=SI_USER, si_pid=11677, si_uid=1000} ---
22:38:24.835056 rt_sigreturn({mask=[]}) = -1 EINTR (Interrupted system call)
22:38:24.835111 read(0, "accept", 1024) = 6
22:38:24.887828 read(0, "\n", 1024)     = 1
22:38:24.938866 accept(3, NULL, NULL)   = 4
22:38:25.360443 fcntl(4, F_GETFL)       = 0x2 (flags O_RDWR)
22:38:25.360643 read(0, "close", 1024)  = 5
22:38:25.408911 read(0, "\n", 1024)     = 1
22:38:25.460033 --- SIGUSR1 {si_signo=SIGUSR1, si_code=SI_USER, si_pid=11677, si_uid=1000} ---
22:38:25.460168 rt_sigreturn({mask=[]}) = 1
22:38:25.460295 setsockopt(4, SOL_TCP, TCP_NODELAY, [1], 4) = 0
22:38:25.460404 shutdown(4, SHUT_RDWR)  = 0
22:38:25.460566 close(4)                = 0
22:38:25.460729 write(1, "closed\n", 7) = 7
22:38:25.461135 read(0, "accept", 1024) = 6
22:38:25.512692 read(0, "\n", 1024)     = 1
22:38:25.563842 accept(3, NULL, NULL)   = 4
22:38:26.026448 fcntl(4, F_GETFL)       = 0x2 (flags O_RDWR)
22:38:26.026590 read(0, "readline", 1024) = 8
22:38:26.079795 read(0, "\n", 1024)     = 1
22:38:26.130195 fstat(4, {st_mode=S_IFSOCK|0777, st_size=0, ...}) = 0
22:38:26.130277 read(4, "POST /LXv5z3JQCAnqyHOYkL/WuA0ix1"..., 4096) = 735
22:38:26.130335 write(1, "504f5354202f4c5876357a334a514341"..., 103) = 103
22:38:26.130383 read(0, "readline", 1024) = 8
22:38:26.182844 read(0, "\n", 1024)     = 1
22:38:26.234378 write(1, "486f73743a2069706164732e73652e73"..., 57) = 57
22:38:26.234536 read(0, "readline", 1024) = 8
22:38:26.285468 read(0, "\n", 1024)     = 1
22:38:26.337843 write(1, "436f6e6e656374696f6e3a206b656570"..., 49) = 49
22:38:26.339531 read(0, "readline", 1024) = 8
22:38:26.392927 read(0, "\n", 1024)     = 1
22:38:26.443616 write(1, "417574686f72697a6174696f6e3a2042"..., 79) = 79
22:38:26.443798 read(0, "readline", 1024) = 8
22:38:26.495174 read(0, "\n", 1024)     = 1
22:38:26.546467 write(1, "4163636570743a20696d6167652f6a70"..., 41) = 41
22:38:26.546588 read(0, "readline", 1024) = 8
22:38:26.599431 read(0, "\n", 1024)     = 1
22:38:26.651116 write(1, "436f6e74656e742d4c656e6774683a20"..., 43) = 43
22:38:26.651836 read(0, "readline", 1024) = 8
22:38:26.703644 read(0, "\n", 1024)     = 1
22:38:26.754754 write(1, "0d0a\n", 5)   = 5
22:38:26.754907 read(0, "read 550", 1024) = 8
22:38:26.807920 read(0, "\n", 1024)     = 1
22:38:26.859085 write(1, "42497a684e7756376653445a70684952"..., 1024) = 1024
22:38:26.859223 write(1, "32026bc9e64294a50db14614c8768521"..., 77) = 77
22:38:26.859331 read(0, "send 12", 1024) = 7
22:38:26.912215 read(0, "\n", 1024)     = 1
22:38:26.963480 read(0, "485454502f312e3120343034", 1024) = 24
22:38:27.014662 read(0, "\n", 1024)     = 1
22:38:27.065805 write(4, "HTTP/1.1 404", 12) = 12
22:38:27.066505 read(0, "close", 1024)  = 5
22:38:27.117811 read(0, "\n", 1024)     = 1
22:38:27.169143 setsockopt(4, SOL_TCP, TCP_NODELAY, [1], 4) = 0
22:38:27.169325 shutdown(4, SHUT_RDWR)  = 0
22:38:27.171603 --- SIGUSR1 {si_signo=SIGUSR1, si_code=SI_USER, si_pid=11677, si_uid=1000} ---
22:38:27.171701 rt_sigreturn({mask=[]}) = 0
22:38:27.171814 close(4)                = 0
22:38:27.171967 write(1, "closed\n", 7) = 7
22:38:27.172236 read(0, "accept", 1024) = 6
22:38:27.225234 read(0, "\n", 1024)     = 1
22:38:27.276424 accept(3, NULL, NULL)   = 4
22:38:27.693653 fcntl(4, F_GETFL)       = 0x2 (flags O_RDWR)
22:38:27.693842 read(0, "readline", 1024) = 8
22:38:27.742214 read(0, "\n", 1024)     = 1
22:38:27.792505 fstat(4, {st_mode=S_IFSOCK|0777, st_size=0, ...}) = 0
22:38:27.792567 read(4, "POST /LXv5z3JQCAnqyHOYkL/WuA0ix1"..., 4096) = 735
22:38:27.792610 write(1, "504f5354202f4c5876357a334a514341"..., 103) = 103
22:38:27.792646 read(0, "readline", 1024) = 8
22:38:27.843803 read(0, "\n", 1024)     = 1
22:38:27.895261 write(1, "486f73743a2069706164732e73652e73"..., 57) = 57
22:38:27.895550 read(0, "readline", 1024) = 8
22:38:27.947171 read(0, "\n", 1024)     = 1
22:38:27.998217 write(1, "436f6e6e656374696f6e3a206b656570"..., 49) = 49
22:38:27.998969 read(0, "readline", 1024) = 8
22:38:28.051469 read(0, "\n", 1024)     = 1
22:38:28.102795 write(1, "417574686f72697a6174696f6e3a2042"..., 79) = 79
22:38:28.103174 read(0, "readline", 1024) = 8
22:38:28.154722 read(0, "\n", 1024)     = 1
22:38:28.205760 write(1, "4163636570743a20696d6167652f6a70"..., 41) = 41
22:38:28.205932 read(0, "readline", 1024) = 8
22:38:28.259109 read(0, "\n", 1024)     = 1
22:38:28.310068 write(1, "436f6e74656e742d4c656e6774683a20"..., 43) = 43
22:38:28.310226 read(0, "readline", 1024) = 8
22:38:28.362304 read(0, "\n", 1024)     = 1
22:38:28.413326 write(1, "0d0a\n", 5)   = 5
22:38:28.413499 read(0, "read 550", 1024) = 8
22:38:28.465539 read(0, "\n", 1024)     = 1
22:38:28.517194 write(1, "42497a684e7756376653445a70684952"..., 1024) = 1024
22:38:28.517850 write(1, "32026bc9e64294a50db14614c8768521"..., 77) = 77
22:38:28.518523 read(0, "send 33", 1024) = 7
22:38:28.571930 read(0, "\n", 1024)     = 1
22:38:28.623690 read(0, "485454502f312e3120343034204e6f74"..., 1024) = 66
22:38:28.675987 read(0, "\n", 1024)     = 1
22:38:28.727242 write(4, "HTTP/1.1 404 Not Found\r\nAccept-C"..., 33) = 33
22:38:28.728092 read(0, "close", 1024)  = 5
22:38:28.779391 read(0, "\n", 1024)     = 1
22:38:28.830527 setsockopt(4, SOL_TCP, TCP_NODELAY, [1], 4) = 0
22:38:28.830717 shutdown(4, SHUT_RDWR)  = 0
22:38:28.832594 --- SIGUSR1 {si_signo=SIGUSR1, si_code=SI_USER, si_pid=11677, si_uid=1000} ---
22:38:28.832684 rt_sigreturn({mask=[]}) = 0
22:38:28.832939 close(4)                = 0
22:38:28.833081 write(1, "closed\n", 7) = 7
22:38:28.833377 read(0, "accept", 1024) = 6
22:38:28.886578 read(0, "\n", 1024)     = 1
22:38:28.938206 accept(3, NULL, NULL)   = 4
22:38:29.355397 fcntl(4, F_GETFL)       = 0x2 (flags O_RDWR)
22:38:29.355588 read(0, "readline", 1024) = 8
22:38:29.403590 read(0, "\n", 1024)     = 1
22:38:29.454558 fstat(4, {st_mode=S_IFSOCK|0777, st_size=0, ...}) = 0
22:38:29.454762 read(4, "POST /LXv5z3JQCAnqyHOYkL/WuA0ix1"..., 4096) = 735
22:38:29.454894 write(1, "504f5354202f4c5876357a334a514341"..., 103) = 103
22:38:29.455016 read(0, "readline", 1024) = 8
22:38:29.506330 read(0, "\n", 1024)     = 1
22:38:29.558335 write(1, "486f73743a2069706164732e73652e73"..., 57) = 57
22:38:29.559156 read(0, "readline", 1024) = 8
22:38:29.610850 read(0, "\n", 1024)     = 1
22:38:29.661750 write(1, "436f6e6e656374696f6e3a206b656570"..., 49) = 49
22:38:29.662596 read(0, "readline", 1024) = 8
22:38:29.716106 read(0, "\n", 1024)     = 1
22:38:29.768213 write(1, "417574686f72697a6174696f6e3a2042"..., 79) = 79
22:38:29.768548 read(0, "readline", 1024) = 8
22:38:29.820222 read(0, "\n", 1024)     = 1
22:38:29.871218 write(1, "4163636570743a20696d6167652f6a70"..., 41) = 41
22:38:29.871428 read(0, "readline", 1024) = 8
22:38:29.923490 read(0, "\n", 1024)     = 1
22:38:29.974574 write(1, "436f6e74656e742d4c656e6774683a20"..., 43) = 43
22:38:29.974743 read(0, "readline", 1024) = 8
22:38:30.026423 read(0, "\n", 1024)     = 1
22:38:30.077534 write(1, "0d0a\n", 5)   = 5
22:38:30.077622 read(0, "read 550", 1024) = 8
22:38:30.129171 read(0, "\n", 1024)     = 1
22:38:30.181150 write(1, "42497a684e7756376653445a70684952"..., 1024) = 1024
22:38:30.181358 write(1, "32026bc9e64294a50db14614c8768521"..., 77) = 77
22:38:30.181678 read(0, "send 11013", 1024) = 10
22:38:30.234335 read(0, "\n", 1024)     = 1
22:38:30.285331 read(0, "485454502f312e3120343034204e6f74"..., 1024) = 1024
22:38:30.336600 read(0, "20540380ca3d5ceb23ef95318221114d"..., 1024) = 1024
22:38:30.337197 read(0, "5c8373fbfc3db89aa7fb55922c4c750e"..., 1024) = 1024
22:38:30.337444 read(0, "bbfa3a98aa9d941dba473df7c35d3525"..., 1024) = 1024
22:38:30.338079 read(0, "a5d6f62ac6f28e9dc33b5083905d76ca"..., 1024) = 1024
22:38:30.338263 read(0, "5c96a690e08d6f312add3104383d3612"..., 1024) = 1024
22:38:30.338394 read(0, "064f0d68109f749a271e6095d7bf8e9b"..., 1024) = 1024
22:38:30.338520 read(0, "1eba687cae3cc6ffe4e76831c1d4b10f"..., 1024) = 1024
22:38:30.338660 read(0, "ca6cb3bdb6ae10d8f842da7f217ff047"..., 1024) = 1024
22:38:30.338791 read(0, "603b1149c35525b13b5af95c27e34346"..., 1024) = 1024
22:38:30.339030 read(0, "a18c6fec01227903274cae8c499b55c8"..., 1024) = 1024
22:38:30.339202 read(0, "8d32a69afbcd8cd27b0ed8ac4d0b9ebb"..., 1024) = 1024
22:38:30.339492 read(0, "e0209b2690a72868b29dfd8e3c26b9db"..., 1024) = 1024
22:38:30.339665 read(0, "e30a09a861749169181e441d611bfbc4"..., 1024) = 1024
22:38:30.340005 read(0, "911515e3ae6a5730aab8b7c5f8eb5702"..., 1024) = 1024
22:38:30.340210 read(0, "5fba3dbbd45f240294b9185e59de024f"..., 1024) = 1024
22:38:30.341196 read(0, "a416a0af4265db5473e9cccc85c1fd8b"..., 1024) = 1024
22:38:30.341497 read(0, "c5915748dc4f572a95e5848a2bb3528d"..., 1024) = 1024
22:38:30.342762 read(0, "75220718ea31b36f910d3ba8b5f942dd"..., 1024) = 1024
22:38:30.343063 read(0, "4ef7ba895a00467666830f5d00dfb4f3"..., 1024) = 1024
22:38:30.343245 read(0, "293219c3d5e1b2efdb18b1c401559055"..., 1024) = 1024
22:38:30.343397 read(0, "070ee88d4e7e5eb8354bac23f04f6c74"..., 1024) = 522
22:38:30.343607 read(0, "\n", 1024)     = 1
22:38:30.392347 write(4, "HTTP/1.1 404 Not Found\r\nAccept-C"..., 8192) = 8192
22:38:30.396939 write(4, "\244\26\240\257Be\333Ts\351\314\314\205\301\375\213\243-i^\367\353\375\315\257_\271\320\251K\200\362"..., 2821) = 2821
22:38:30.397832 read(0, "close", 1024)  = 5
22:38:30.441224 read(0, "\n", 1024)     = 1
22:38:30.492409 --- SIGUSR1 {si_signo=SIGUSR1, si_code=SI_USER, si_pid=11677, si_uid=1000} ---
22:38:30.492432 rt_sigreturn({mask=[]}) = 1
22:38:30.492456 setsockopt(4, SOL_TCP, TCP_NODELAY, [1], 4) = 0
22:38:30.492483 shutdown(4, SHUT_RDWR)  = 0
22:38:30.492513 close(4)                = 0
22:38:30.492539 write(1, "closed\n", 7) = 7
22:38:30.492561 read(0, "accept", 1024) = 6
22:38:30.543460 read(0, "\n", 1024)     = 1
22:38:30.593643 accept(3, NULL, NULL)   = 4
22:38:32.213999 fcntl(4, F_GETFL)       = 0x2 (flags O_RDWR)
22:38:32.214350 read(0, "readline", 1024) = 8
22:38:37.082537 read(0, "\n", 1024)     = 1
22:38:37.133904 fstat(4, {st_mode=S_IFSOCK|0777, st_size=0, ...}) = 0
22:38:37.134165 read(4, "POST /tJwW8HpfaVKpAi3/AKVeHlpstd"..., 4096) = 276
22:38:37.134284 write(1, "504f5354202f744a7757384870666156"..., 99) = 99
22:38:37.134385 read(0, "readline", 1024) = 8
22:38:37.185626 read(0, "\n", 1024)     = 1
22:38:37.236233 write(1, "486f73743a207777772e676f6f676c65"..., 45) = 45
22:38:37.236655 read(0, "readline", 1024) = 8
22:38:37.290199 read(0, "\n", 1024)     = 1
22:38:37.340982 write(1, "436f6e6e656374696f6e3a20636c6f73"..., 39) = 39
22:38:37.341669 read(0, "readline", 1024) = 8
22:38:37.393150 read(0, "\n", 1024)     = 1
22:38:37.444428 write(1, "4163636570743a20766964656f2f6d70"..., 41) = 41
22:38:37.445427 read(0, "readline", 1024) = 8
22:38:37.498419 read(0, "\n", 1024)     = 1
22:38:37.549794 write(1, "436f6e74656e742d4c656e6774683a20"..., 43) = 43
22:38:37.550039 read(0, "readline", 1024) = 8
22:38:37.601861 read(0, "\n", 1024)     = 1
22:38:37.653073 write(1, "0d0a\n", 5)   = 5
22:38:37.653312 read(0, "read 143", 1024) = 8
22:38:37.705088 read(0, "\n", 1024)     = 1
22:38:37.756097 write(1, "52587833346a6d7a464e4c6e4a6a6a3d"..., 287) = 287
22:38:37.756243 read(0, "send 66", 1024) = 7
22:38:37.810408 read(0, "\n", 1024)     = 1
22:38:37.861430 read(0, "485454502f312e312034303320466f72"..., 1024) = 132
22:38:37.912758 read(0, "\n", 1024)     = 1
22:38:37.963685 write(4, "HTTP/1.1 403 Forbidden\r\nConnecti"..., 66) = 66
22:38:37.963896 read(0, "send 333", 1024) = 8
22:38:39.018228 read(0, "\n", 1024)     = 1
22:38:39.069301 read(0, "69632059575274615734365957527461"..., 1024) = 666
22:38:39.120561 read(0, "\n", 1024)     = 1
22:38:39.171645 write(4, "ic YWRtaW46YWRtaW4=\r\nServer: wCp"..., 333) = 333
22:38:39.171760 read(0, "send 26", 1024) = 7
22:38:40.227870 read(0, "\n", 1024)     = 1
22:38:40.279043 read(0, "0604e131f4013a73215460ee38a6b003"..., 1024) = 52
22:38:40.330049 read(0, "\n", 1024)     = 1
22:38:40.380281 write(4, "\6\4\3411\364\1:s!T`\3568\246\260\3\212\201\354<$\243\343f\31a", 26) = 26
22:38:40.380503 read(0, "send 67", 1024) = 7
22:38:41.433133 read(0, "\n", 1024)     = 1
22:38:41.484187 read(0, "f8c0e0282ab58c2f1efff94fbde8bbfe"..., 1024) = 134
22:38:41.535354 read(0, "\n", 1024)     = 1
22:38:41.585708 write(4, "\370\300\340(*\265\214/\36\377\371O\275\350\273\376\216\2131ZZs\5\247*\354*]&a\211\305"..., 67) = 67
22:38:41.586030 read(0, "send 67", 1024) = 7
22:38:42.638174 read(0, "\n", 1024)     = 1
22:38:42.688505 read(0, "96833d3da19bab5410f44bfab4ba444c"..., 1024) = 134
22:38:42.739350 read(0, "\n", 1024)     = 1
22:38:42.789610 write(4, "\226\203==\241\233\253T\20\364K\372\264\272DLs\317\340\21\232\271oU\30\264;L\243[\305\240"..., 67) = 67
22:38:42.789722 read(0, "send 36", 1024) = 7
22:38:43.842718 read(0, "\n", 1024)     = 1
22:38:43.893509 read(0, "e891e37e1fa49fc88926573bd5480202"..., 1024) = 72
22:38:43.944791 read(0, "\n", 1024)     = 1
22:38:43.994934 write(4, "\350\221\343~\37\244\237\310\211&W;\325H\2\2\177\346\245\10\374H\303P\275B\253c\204\267wU"..., 36) = 36
22:38:43.995069 read(0, "close", 1024)  = 5
22:38:44.776087 read(0, "\n", 1024)     = 1
22:38:44.828072 setsockopt(4, SOL_TCP, TCP_NODELAY, [1], 4) = 0
22:38:44.828249 shutdown(4, SHUT_RDWR)  = 0
22:38:44.828459 close(4)                = 0
22:38:44.828726 write(1, "closed\n", 7) = 7
22:38:44.829116 read(0, 0x559cd10b1a40, 1024) = ? ERESTARTSYS (To be restarted if SA_RESTART is set)
22:38:44.829312 --- SIGUSR1 {si_signo=SIGUSR1, si_code=SI_USER, si_pid=11677, si_uid=1000} ---
22:38:44.829385 rt_sigreturn({mask=[]}) = -1 EINTR (Interrupted system call)
22:38:44.829655 read(0, "accept", 1024) = 6
22:38:44.881264 read(0, "\n", 1024)     = 1
22:38:44.932715 accept(3, NULL, NULL)   = 4
22:38:45.432643 fcntl(4, F_GETFL)       = 0x2 (flags O_RDWR)
22:38:45.432776 read(0, "readline", 1024) = 8
22:38:45.479394 read(0, "\n", 1024)     = 1
22:38:45.529608 fstat(4, {st_mode=S_IFSOCK|0777, st_size=0, ...}) = 0
22:38:45.529641 read(4, "POST /OjK4AJ8gdq4u2zzUbLmbsO3pkK"..., 4096) = 4096
22:38:45.529724 read(4, "hMsj2M9URBovY3Q7k78xMLGUCHwWZa5v"..., 4096) = 4096
22:38:45.529799 write(1, "504f5354202f4f6a4b34414a38676471"..., 1024) = 1024
22:38:45.529823 write(1, "54503838524552533338735836764948"..., 11264) = 11264
22:38:45.533525 write(1, "30346f4c754e20485454502f312e310d"..., 35) = 35
22:38:45.533559 read(0, "readline", 1024) = 8
22:38:45.587606 read(0, "\n", 1024)     = 1
22:38:45.637905 write(1, "486f73743a207777772e62616964752e"..., 43) = 43
22:38:45.637935 read(0, "readline", 1024) = 8
22:38:45.688920 read(0, "\n", 1024)     = 1
22:38:45.739393 write(1, "436f6e6e656374696f6e3a206b656570"..., 49) = 49
22:38:45.739445 read(0, "readline", 1024) = 8
22:38:45.791025 read(0, "\n", 1024)     = 1
22:38:45.842396 write(1, "4163636570743a20696d6167652f6a70"..., 41) = 41
22:38:45.842768 read(0, "readline", 1024) = 8
22:38:45.894078 read(0, "\n", 1024)     = 1
22:38:45.945259 write(1, "436f6e74656e742d4c656e6774683a20"..., 47) = 47
22:38:45.946160 read(0, "readline", 1024) = 8
22:38:45.999348 read(0, "\n", 1024)     = 1
22:38:46.051553 write(1, "0d0a\n", 5)   = 5
22:38:46.051757 read(0, "read 12506", 1024) = 10
22:38:46.103551 read(0, "\n", 1024)     = 1
22:38:46.154650 read(4, "4QKANqJdj6KON2596ax0Ekxdt54kJMcK"..., 8192) = 8192
22:38:46.154846 read(4, "l4n9J1aMUHgheW5i4Q5bx3xpXZtk8QZ3"..., 4096) = 2373
22:38:46.155612 write(1, "327562317633426f426b507155475059"..., 1024) = 1024
22:38:46.155878 write(1, "566a694d4741546a776d687767665134"..., 23552) = 23552
22:38:46.169269 write(1, "72344858674d556d684c633730445731"..., 437) = 437
22:38:46.169470 read(0, "send 10926", 1024) = 10
22:38:46.224002 read(0, "\n", 1024)     = 1
22:38:46.275092 read(0, "485454502f312e312034303120556e61"..., 1024) = 1024
22:38:46.326186 read(0, "760f52ce485587b198855d191d7643f2"..., 1024) = 1024
22:38:46.326357 read(0, "4fd9539965fdd7154ea2859705592f7e"..., 1024) = 1024
22:38:46.326682 read(0, "024bd124bb44bb611cdee85bd94a3f02"..., 1024) = 1024
22:38:46.326794 read(0, "99aafcceab3e9ff9d46b38a8b79c8316"..., 1024) = 1024
22:38:46.326974 read(0, "851fca717eab70c3aa8c0c47693818cc"..., 1024) = 1024
22:38:46.327068 read(0, "fb81a4d091efe72e45b09346da55873f"..., 1024) = 1024
22:38:46.327236 read(0, "ca9229c7719c53d1bb0d105e75f2dd74"..., 1024) = 1024
22:38:46.327330 read(0, "6a8c1bc33a085512a956090c753b3704"..., 1024) = 1024
22:38:46.327496 read(0, "945140a2a625fa91a5f8a8d72f8b88c9"..., 1024) = 1024
22:38:46.327675 read(0, "64145c766621af1972b2012a2f477e92"..., 1024) = 1024
22:38:46.327859 read(0, "9fb3b2be3d32dd3e077d165388180dc1"..., 1024) = 1024
22:38:46.327952 read(0, "ba34786c11d2cc551755072ba6aad3fa"..., 1024) = 1024
22:38:46.328118 read(0, "4933aa85a345d6922fc7b3d66216b0fa"..., 1024) = 1024
22:38:46.328211 read(0, "3304f2b40c1e3211082fee4b2ebefd04"..., 1024) = 1024
22:38:46.328379 read(0, "12108268e04104da4c88e11fb7369507"..., 1024) = 1024
22:38:46.328471 read(0, "f34ffa62db3094efe748378111ce09da"..., 1024) = 1024
22:38:46.328723 read(0, "0a7d3d9963a8b7e032efe8017287daa3"..., 1024) = 1024
22:38:46.328825 read(0, "79ba553b06c41436f6b75c789912f27c"..., 1024) = 1024
22:38:46.328997 read(0, "2bbec788c04922dadc7bbf5b49fe64c7"..., 1024) = 1024
22:38:46.329089 read(0, "9c840c5bcefeedfc77312636c924292a"..., 1024) = 1024
22:38:46.329241 read(0, "2a6b3ac7fabf5338a2c77b323af64a69"..., 1024) = 348
22:38:46.329334 read(0, "\n", 1024)     = 1
22:38:46.381537 write(4, "HTTP/1.1 401 Unauthorized\r\nAccep"..., 8192) = 8192
22:38:46.386240 write(4, "\363O\372b\3330\224\357\347H7\201\21\316\t\3329\245v\350lo\314\322#\f\34,\30<\222\261"..., 2734) = 2734
22:38:46.386424 read(0, "close", 1024)  = 5
22:38:47.329560 read(0, "\n", 1024)     = 1
22:38:47.380941 setsockopt(4, SOL_TCP, TCP_NODELAY, [1], 4) = 0
22:38:47.381129 shutdown(4, SHUT_RDWR)  = 0
22:38:47.381491 close(4)                = 0
22:38:47.381674 write(1, "closed\n", 7) = 7
22:38:47.381820 read(0, 0x559cd10b1a40, 1024) = ? ERESTARTSYS (To be restarted if SA_RESTART is set)
22:38:47.382225 --- SIGUSR1 {si_signo=SIGUSR1, si_code=SI_USER, si_pid=11677, si_uid=1000} ---
22:38:47.382383 rt_sigreturn({mask=[]}) = -1 EINTR (Interrupted system call)
22:38:47.382523 read(0, "accept", 1024) = 6
22:38:47.434101 read(0, "\n", 1024)     = 1
22:38:47.485366 accept(3, NULL, NULL)   = 4
22:38:47.973222 fcntl(4, F_GETFL)       = 0x2 (flags O_RDWR)
22:38:47.973341 read(0, "readline", 1024) = 8
22:38:48.016176 read(0, "\n", 1024)     = 1
22:38:48.066358 fstat(4, {st_mode=S_IFSOCK|0777, st_size=0, ...}) = 0
22:38:48.066389 read(4, "POST /OjK4AJ8gdq4u2zzUbLmbsO3pkK"..., 4096) = 4096
22:38:48.066472 read(4, "hMsj2M9URBovY3Q7k78xMLGUCHwWZa5v"..., 4096) = 4096
22:38:48.066547 write(1, "504f5354202f4f6a4b34414a38676471"..., 1024) = 1024
22:38:48.066570 write(1, "54503838524552533338735836764948"..., 11264) = 11264
22:38:48.069269 write(1, "30346f4c754e20485454502f312e310d"..., 35) = 35
22:38:48.069294 read(0, "readline", 1024) = 8
22:38:48.124420 read(0, "\n", 1024)     = 1
22:38:48.175640 write(1, "4163636570742d436861727365743a20"..., 47) = 47
22:38:48.175670 read(0, "readline", 1024) = 8
22:38:48.226832 read(0, "\n", 1024)     = 1
22:38:48.277544 write(1, "486f73743a2069706164732e73652e73"..., 57) = 57
22:38:48.277684 read(0, "readline", 1024) = 8
22:38:48.330375 read(0, "\n", 1024)     = 1
22:38:48.380665 write(1, "4163636570743a20746578742f706c61"..., 41) = 41
22:38:48.381405 read(0, "readline", 1024) = 8
22:38:48.433683 read(0, "\n", 1024)     = 1
22:38:48.484654 write(1, "436f6e74656e742d4c656e6774683a20"..., 47) = 47
22:38:48.485113 read(0, "readline", 1024) = 8
22:38:48.537701 read(0, "\n", 1024)     = 1
22:38:48.588904 write(1, "0d0a\n", 5)   = 5
22:38:48.588976 read(0, "read 10822", 1024) = 10
22:38:48.641364 read(0, "\n", 1024)     = 1
22:38:48.692397 read(4, "\331\204:6\271\261\330)6\24\225[\10\fC\275\210\ve\277\256\316o\\\330\316\255\247\312\275\2S"..., 8192) = 8192
22:38:48.692584 read(4, ":\177\225\201R\271V8\314\327\331\30\214\344\\\357\2549*\2568\317.\267V\315A\274\r\214\2\372"..., 4096) = 695
22:38:48.692960 write(1, "e007f3ec1b9d20824e5daaec94f1d9f6"..., 1024) = 1024
22:38:48.693112 write(1, "edfaefdf805a428c2b5d40a62f5b78be"..., 20480) = 20480
22:38:48.703680 write(1, "5b0442f5e601546143ba6b94cfb9b479"..., 141) = 141
22:38:48.703932 read(0, "send 10931", 1024) = 10
22:38:48.756624 read(0, "\n", 1024)     = 1
22:38:48.807707 read(0, "485454502f312e312034303120556e61"..., 1024) = 1024
22:38:48.858810 read(0, "c7b67e7c23760f52ce485587b198855d"..., 1024) = 1024
22:38:48.858951 read(0, "c0ab02094d4fd9539965fdd7154ea285"..., 1024) = 1024
22:38:48.859134 read(0, "2b447fe065024bd124bb44bb611cdee8"..., 1024) = 1024
22:38:48.859216 read(0, "a78e5971f299aafcceab3e9ff9d46b38"..., 1024) = 1024
22:38:48.859513 read(0, "6268e17adc851fca717eab70c3aa8c0c"..., 1024) = 1024
22:38:48.859589 read(0, "7b9d1593c6fb81a4d091efe72e45b093"..., 1024) = 1024
22:38:48.859711 read(0, "366fe0fdf8ca9229c7719c53d1bb0d10"..., 1024) = 1024
22:38:48.859777 read(0, "e628ce364d6a8c1bc33a085512a95609"..., 1024) = 1024
22:38:48.859898 read(0, "c6e55dbcc6945140a2a625fa91a5f8a8"..., 1024) = 1024
22:38:48.859964 read(0, "b89cf43a3a64145c766621af1972b201"..., 1024) = 1024
22:38:48.860082 read(0, "0f326a60d99fb3b2be3d32dd3e077d16"..., 1024) = 1024
22:38:48.860149 read(0, "d708b86388ba34786c11d2cc55175507"..., 1024) = 1024
22:38:48.860351 read(0, "6a787aadc44933aa85a345d6922fc7b3"..., 1024) = 1024
22:38:48.860430 read(0, "8aab3b9ffd3304f2b40c1e3211082fee"..., 1024) = 1024
22:38:48.860556 read(0, "8e50e5847212108268e04104da4c88e1"..., 1024) = 1024
22:38:48.860623 read(0, "eed23f8217f34ffa62db3094efe74837"..., 1024) = 1024
22:38:48.860742 read(0, "85fab4cfce0a7d3d9963a8b7e032efe8"..., 1024) = 1024
22:38:48.860808 read(0, "29e11b307979ba553b06c41436f6b75c"..., 1024) = 1024
22:38:48.860927 read(0, "34658467872bbec788c04922dadc7bbf"..., 1024) = 1024
22:38:48.861030 read(0, "8aefee66619c840c5bcefeedfc773126"..., 1024) = 1024
22:38:48.861145 read(0, "3d9928b3ae2a6b3ac7fabf5338a2c77b"..., 1024) = 358
22:38:48.861211 read(0, "\n", 1024)     = 1
22:38:48.912877 write(4, "HTTP/1.1 401 Unauthorized\r\nAccep"..., 8192) = 8192
22:38:48.917629 write(4, "\356\322?\202\27\363O\372b\3330\224\357\347H7\201\21\316\t\3329\245v\350lo\314\322#\f\34"..., 2739) = 2739
22:38:48.917767 read(0, "close", 1024)  = 5
22:38:49.850519 read(0, "\n", 1024)     = 1
22:38:49.901673 setsockopt(4, SOL_TCP, TCP_NODELAY, [1], 4) = 0
22:38:49.901829 shutdown(4, SHUT_RDWR)  = 0
22:38:49.902017 close(4)                = 0
22:38:49.902258 write(1, "closed\n", 7) = 7
22:38:49.902368 read(0, 0x559cd10b1a40, 1024) = ? ERESTARTSYS (To be restarted if SA_RESTART is set)
22:38:49.902789 --- SIGUSR1 {si_signo=SIGUSR1, si_code=SI_USER, si_pid=11677, si_uid=1000} ---
22:38:49.902869 rt_sigreturn({mask=[]}) = -1 EINTR (Interrupted system call)
22:38:49.902980 read(0, "accept", 1024) = 6
22:38:49.954944 read(0, "\n", 1024)     = 1
22:38:50.006491 accept(3, NULL, NULL)   = 4
22:38:50.425427 fcntl(4, F_GETFL)       = 0x2 (flags O_RDWR)
22:38:50.425825 read(0, "readline", 1024) = 8
22:38:50.478549 read(0, "\n", 1024)     = 1
22:38:50.530408 fstat(4, {st_mode=S_IFSOCK|0777, st_size=0, ...}) = 0
22:38:50.530609 read(4, "GET / HTTP/1.1\r\nAccept-Charset: "..., 4096) = 155
22:38:50.530875 write(1, "474554202f20485454502f312e310d0a"..., 33) = 33
22:38:50.531275 read(0, "readline", 1024) = 8
22:38:50.583633 read(0, "\n", 1024)     = 1
22:38:50.634730 write(1, "4163636570742d436861727365743a20"..., 49) = 49
22:38:50.634973 read(0, "readline", 1024) = 8
22:38:50.686858 read(0, "\n", 1024)     = 1
22:38:50.738015 write(1, "486f73743a207777772e62616964752e"..., 43) = 43
22:38:50.738361 read(0, "readline", 1024) = 8
22:38:50.791509 read(0, "\n", 1024)     = 1
22:38:50.843018 write(1, "436f6e6e656374696f6e3a20636c6f73"..., 39) = 39
22:38:50.843214 read(0, "readline", 1024) = 8
22:38:50.897229 read(0, "\n", 1024)     = 1
22:38:50.948577 write(1, "417574686f72697a6174696f6e3a2042"..., 79) = 79
22:38:50.948767 read(0, "readline", 1024) = 8
22:38:51.000440 read(0, "\n", 1024)     = 1
22:38:51.051898 write(1, "4163636570743a206170706c69636174"..., 69) = 69
22:38:51.052086 read(0, "readline", 1024) = 8
22:38:51.104156 read(0, "\n", 1024)     = 1
22:38:51.155126 write(1, "0d0a\n", 5)   = 5
22:38:51.155312 read(0, "send 504", 1024) = 8
22:38:51.210282 read(0, "\n", 1024)     = 1
22:38:51.261521 read(0, "485454502f312e312034303120556e61"..., 1024) = 1008
22:38:51.312565 read(0, "\n", 1024)     = 1
22:38:51.363724 write(4, "HTTP/1.1 401 Unauthorized\r\nHost:"..., 504) = 504
22:38:51.366164 read(0, "close", 1024)  = 5
22:38:52.148511 read(0, "\n", 1024)     = 1
22:38:52.199847 setsockopt(4, SOL_TCP, TCP_NODELAY, [1], 4) = 0
22:38:52.200033 shutdown(4, SHUT_RDWR)  = 0
22:38:52.200353 close(4)                = 0
22:38:52.200504 write(1, "closed\n", 7) = 7
22:38:52.200631 read(0, 0x559cd10b1a40, 1024) = ? ERESTARTSYS (To be restarted if SA_RESTART is set)
22:38:52.201046 --- SIGUSR1 {si_signo=SIGUSR1, si_code=SI_USER, si_pid=11677, si_uid=1000} ---
22:38:52.201127 rt_sigreturn({mask=[]}) = -1 EINTR (Interrupted system call)
22:38:52.201420 read(0, "accept", 1024) = 6
22:38:52.254092 read(0, "\n", 1024)     = 1
22:38:52.305175 accept(3, NULL, NULL)   = 4
22:38:52.733176 fcntl(4, F_GETFL)       = 0x2 (flags O_RDWR)
22:38:52.733308 read(0, "readline", 1024) = 8
22:38:52.778328 read(0, "\n", 1024)     = 1
22:38:52.829276 fstat(4, {st_mode=S_IFSOCK|0777, st_size=0, ...}) = 0
22:38:52.829460 read(4, "GET /Xtk6LNAIsztwvIihIx1/ocfiAhK"..., 4096) = 187
22:38:52.829603 write(1, "474554202f58746b364c4e4149737a74"..., 253) = 253
22:38:52.830224 read(0, "readline", 1024) = 8
22:38:52.881712 read(0, "\n", 1024)     = 1
22:38:52.932854 write(1, "4163636570742d436861727365743a20"..., 51) = 51
22:38:52.933097 read(0, "readline", 1024) = 8
22:38:52.985037 read(0, "\n", 1024)     = 1
22:38:53.036008 write(1, "4163636570743a206170706c69636174"..., 69) = 69
22:38:53.036271 read(0, "readline", 1024) = 8
22:38:53.088139 read(0, "\n", 1024)     = 1
22:38:53.139340 write(1, "0d0a\n", 5)   = 5
22:38:53.139655 read(0, "send 548", 1024) = 8
22:38:53.194894 read(0, "\n", 1024)     = 1
22:38:53.246146 read(0, "485454502f312e312034303020426164"..., 1024) = 1024
22:38:53.299044 read(0, "2fef7ae567df35cc69c8b33b582b248d"..., 1024) = 72
22:38:53.299335 read(0, "\n", 1024)     = 1
22:38:53.351057 write(4, "HTTP/1.1 400 Bad Request\r\nAccept"..., 548) = 548
22:38:53.353635 read(0, "close", 1024)  = 5
22:38:54.242798 read(0, "\n", 1024)     = 1
22:38:54.294077 --- SIGUSR1 {si_signo=SIGUSR1, si_code=SI_USER, si_pid=11677, si_uid=1000} ---
22:38:54.294115 rt_sigreturn({mask=[]}) = 1
22:38:54.294144 setsockopt(4, SOL_TCP, TCP_NODELAY, [1], 4) = 0
22:38:54.294170 shutdown(4, SHUT_RDWR)  = 0
22:38:54.294226 close(4)                = 0
22:38:54.294261 write(1, "closed\n", 7) = 7
22:38:54.294289 read(0, "accept", 1024) = 6
22:38:54.346108 read(0, "\n", 1024)     = 1
22:38:54.396570 accept(3, NULL, NULL)   = 4
22:38:54.815735 fcntl(4, F_GETFL)       = 0x2 (flags O_RDWR)
22:38:54.815848 read(0, "readline", 1024) = 8
22:38:54.869597 read(0, "\n", 1024)     = 1
22:38:54.921289 fstat(4, {st_mode=S_IFSOCK|0777, st_size=0, ...}) = 0
22:38:54.921547 read(4, "POST /EmgkCCTHiIOxKL0lB2/UmbiODV"..., 4096) = 637
22:38:54.921682 write(1, "504f5354202f456d676b434354486949"..., 105) = 105
22:38:54.921772 read(0, "readline", 1024) = 8
22:38:54.974175 read(0, "\n", 1024)     = 1
22:38:55.025668 write(1, "4163636570742d436861727365743a20"..., 49) = 49
22:38:55.026117 read(0, "readline", 1024) = 8
22:38:55.078276 read(0, "\n", 1024)     = 1
22:38:55.129691 write(1, "486f73743a207777772e676f6f676c65"..., 45) = 45
22:38:55.130512 read(0, "readline", 1024) = 8
22:38:55.182689 read(0, "\n", 1024)     = 1
22:38:55.233891 write(1, "417574686f72697a6174696f6e3a2042"..., 79) = 79
22:38:55.234045 read(0, "readline", 1024) = 8
22:38:55.285984 read(0, "\n", 1024)     = 1
22:38:55.337161 write(1, "4163636570743a20746578742f706c61"..., 41) = 41
22:38:55.337315 read(0, "readline", 1024) = 8
22:38:55.390258 read(0, "\n", 1024)     = 1
22:38:55.441480 write(1, "436f6e74656e742d4c656e6774683a20"..., 43) = 43
22:38:55.441665 read(0, "readline", 1024) = 8
22:38:55.493597 read(0, "\n", 1024)     = 1
22:38:55.544600 write(1, "0d0a\n", 5)   = 5
22:38:55.544794 read(0, "read 457", 1024) = 8
22:38:55.596796 read(0, "\n", 1024)     = 1
22:38:55.651159 write(1, "547934666c5451624671343d59554833"..., 915) = 915
22:38:55.651823 read(0, "send 633", 1024) = 8
22:38:55.713258 read(0, "\n", 1024)     = 1
22:38:55.764202 read(0, "485454502f312e312034303020426164"..., 1024) = 1024
22:38:55.815480 read(0, "7903a80f6849fdfdb4e10b5e9d0f91b4"..., 1024) = 242
22:38:55.815625 read(0, "\n", 1024)     = 1
22:38:55.866647 write(4, "HTTP/1.1 400 Bad Request\r\nAccept"..., 633) = 633
22:38:55.866875 read(0, "close", 1024)  = 5
22:38:56.756926 read(0, "\n", 1024)     = 1
22:38:56.808410 --- SIGUSR1 {si_signo=SIGUSR1, si_code=SI_USER, si_pid=11677, si_uid=1000} ---
22:38:56.808645 rt_sigreturn({mask=[]}) = 1
22:38:56.808793 setsockopt(4, SOL_TCP, TCP_NODELAY, [1], 4) = 0
22:38:56.808922 shutdown(4, SHUT_RDWR)  = 0
22:38:56.809157 close(4)                = 0
22:38:56.809325 write(1, "closed\n", 7) = 7
22:38:56.810116 read(0, "accept", 1024) = 6
22:38:56.863914 read(0, "\n", 1024)     = 1
22:38:56.914418 accept(3, NULL, NULL)   = ? ERESTARTSYS (To be restarted if SA_RESTART is set)
22:38:57.433842 --- SIGUSR1 {si_signo=SIGUSR1, si_code=SI_USER, si_pid=11677, si_uid=1000} ---
22:38:57.433964 rt_sigreturn({mask=[]}) = -1 EINTR (Interrupted system call)
22:38:57.434088 read(0, "close\n", 1024) = 6
22:38:57.434298 write(1, "closed\n", 7) = 7
22:38:57.434403 read(0, "accept", 1024) = 6
22:38:57.486085 read(0, "\n", 1024)     = 1
22:38:57.537043 accept(3, NULL, NULL)   = 4
22:38:57.955589 fcntl(4, F_GETFL)       = 0x2 (flags O_RDWR)
22:38:57.955706 read(0, "close", 1024)  = 5
22:38:58.005286 read(0, "\n", 1024)     = 1
22:38:58.059131 setsockopt(4, SOL_TCP, TCP_NODELAY, [1], 4) = 0
22:38:58.059396 shutdown(4, SHUT_RDWR)  = 0
22:38:58.059576 close(4)                = 0
22:38:58.060071 write(1, "closed\n", 7) = 7
22:38:58.060299 read(0, 0x559cd10b1a40, 1024) = ? ERESTARTSYS (To be restarted if SA_RESTART is set)
22:38:58.061179 --- SIGUSR1 {si_signo=SIGUSR1, si_code=SI_USER, si_pid=11677, si_uid=1000} ---
22:38:58.061973 rt_sigreturn({mask=[]}) = -1 EINTR (Interrupted system call)
22:38:58.062210 read(0, "accept", 1024) = 6
22:38:58.114644 read(0, "\n", 1024)     = 1
22:38:58.165849 accept(3, NULL, NULL)   = 4
22:38:58.582641 fcntl(4, F_GETFL)       = 0x2 (flags O_RDWR)
22:38:58.582736 read(0, "close", 1024)  = 5
22:38:58.631775 read(0, "\n", 1024)     = 1
22:38:58.683151 --- SIGUSR1 {si_signo=SIGUSR1, si_code=SI_USER, si_pid=11677, si_uid=1000} ---
22:38:58.683208 rt_sigreturn({mask=[]}) = 1
22:38:58.683256 setsockopt(4, SOL_TCP, TCP_NODELAY, [1], 4) = 0
22:38:58.683301 shutdown(4, SHUT_RDWR)  = 0
22:38:58.683369 close(4)                = 0
22:38:58.683435 write(1, "closed\n", 7) = 7
22:38:58.683482 read(0, "accept", 1024) = 6
22:38:58.736030 read(0, "\n", 1024)     = 1
22:38:58.787398 accept(3, NULL, NULL)   = 4
22:38:59.228157 fcntl(4, F_GETFL)       = 0x2 (flags O_RDWR)
22:38:59.228282 read(0, "readline", 1024) = 8
22:38:59.280606 read(0, "\n", 1024)     = 1
22:38:59.331772 fstat(4, {st_mode=S_IFSOCK|0777, st_size=0, ...}) = 0
22:38:59.331852 read(4, "POST /SyCKqnt7iO7Uy/Aohk20Uy0mAU"..., 4096) = 730
22:38:59.331909 write(1, "504f5354202f5379434b716e7437694f"..., 93) = 93
22:38:59.331957 read(0, "readline", 1024) = 8
22:38:59.382805 read(0, "\n", 1024)     = 1
22:38:59.433983 write(1, "486f73743a2069706164732e73652e73"..., 57) = 57
22:38:59.434057 read(0, "readline", 1024) = 8
22:38:59.486183 read(0, "\n", 1024)     = 1
22:38:59.537288 write(1, "436f6e6e656374696f6e3a20636c6f73"..., 39) = 39
22:38:59.537866 read(0, "readline", 1024) = 8
22:38:59.590440 read(0, "\n", 1024)     = 1
22:38:59.641608 write(1, "417574686f72697a6174696f6e3a2042"..., 79) = 79
22:38:59.642255 read(0, "readline", 1024) = 8
22:38:59.694753 read(0, "\n", 1024)     = 1
22:38:59.745893 write(1, "4163636570743a20746578742f706c61"..., 41) = 41
22:38:59.746045 read(0, "readline", 1024) = 8
22:38:59.797991 read(0, "\n", 1024)     = 1
22:38:59.849151 write(1, "436f6e74656e742d4c656e6774683a20"..., 43) = 43
22:38:59.849300 read(0, "readline", 1024) = 8
22:38:59.902300 read(0, "\n", 1024)     = 1
22:38:59.953444 write(1, "0d0a\n", 5)   = 5
22:38:59.953593 read(0, "read 555", 1024) = 8
22:39:00.005901 read(0, "\n", 1024)     = 1
22:39:00.056623 write(1, "5763776a5957567a3632664b59623143"..., 1024) = 1024
22:39:00.056720 write(1, "154a3d075341e99cd27d47aff01a3cb9"..., 87) = 87
22:39:00.056777 read(0, "send 10", 1024) = 7
22:39:00.108911 read(0, "\n", 1024)     = 1
22:39:00.159906 read(0, "485454502f312e312034", 1024) = 20
22:39:00.211208 read(0, "\n", 1024)     = 1
22:39:00.262460 write(4, "HTTP/1.1 4", 10) = 10
22:39:00.262765 read(0, "close", 1024)  = 5
22:39:00.313484 read(0, "\n", 1024)     = 1
22:39:00.364902 --- SIGUSR1 {si_signo=SIGUSR1, si_code=SI_USER, si_pid=11677, si_uid=1000} ---
22:39:00.365117 rt_sigreturn({mask=[]}) = 1
22:39:00.365228 setsockopt(4, SOL_TCP, TCP_NODELAY, [1], 4) = 0
22:39:00.365352 shutdown(4, SHUT_RDWR)  = 0
22:39:00.366595 close(4)                = 0
22:39:00.366701 write(1, "closed\n", 7) = 7
22:39:00.366945 read(0, "accept", 1024) = 6
22:39:00.419875 read(0, "\n", 1024)     = 1
22:39:00.470885 accept(3, NULL, NULL)   = 4
22:39:00.888310 fcntl(4, F_GETFL)       = 0x2 (flags O_RDWR)
22:39:00.888603 read(0, "readline", 1024) = 8
22:39:00.937071 read(0, "\n", 1024)     = 1
22:39:00.987459 fstat(4, {st_mode=S_IFSOCK|0777, st_size=0, ...}) = 0
22:39:00.987559 read(4, "POST /SyCKqnt7iO7Uy/Aohk20Uy0mAU"..., 4096) = 730
22:39:00.987680 write(1, "504f5354202f5379434b716e7437694f"..., 93) = 93
22:39:00.987755 read(0, "readline", 1024) = 8
22:39:01.040594 read(0, "\n", 1024)     = 1
22:39:01.091849 write(1, "486f73743a2069706164732e73652e73"..., 57) = 57
22:39:01.092306 read(0, "readline", 1024) = 8
22:39:01.144674 read(0, "\n", 1024)     = 1
22:39:01.195972 write(1, "436f6e6e656374696f6e3a20636c6f73"..., 39) = 39
22:39:01.197036 read(0, "readline", 1024) = 8
22:39:01.250095 read(0, "\n", 1024)     = 1
22:39:01.301109 write(1, "417574686f72697a6174696f6e3a2042"..., 79) = 79
22:39:01.301281 read(0, "readline", 1024) = 8
22:39:01.353230 read(0, "\n", 1024)     = 1
22:39:01.404386 write(1, "4163636570743a20746578742f706c61"..., 41) = 41
22:39:01.404562 read(0, "readline", 1024) = 8
22:39:01.456387 read(0, "\n", 1024)     = 1
22:39:01.507717 write(1, "436f6e74656e742d4c656e6774683a20"..., 43) = 43
22:39:01.507924 read(0, "readline", 1024) = 8
22:39:01.560031 read(0, "\n", 1024)     = 1
22:39:01.610981 write(1, "0d0a\n", 5)   = 5
22:39:01.611185 read(0, "read 555", 1024) = 8
22:39:01.663047 read(0, "\n", 1024)     = 1
22:39:01.714110 write(1, "5763776a5957567a3632664b59623143"..., 1024) = 1024
22:39:01.714281 write(1, "154a3d075341e99cd27d47aff01a3cb9"..., 87) = 87
22:39:01.714414 read(0, "send 121", 1024) = 8
22:39:01.766146 read(0, "\n", 1024)     = 1
22:39:01.817495 read(0, "485454502f312e3120343034204e6f74"..., 1024) = 242
22:39:01.868613 read(0, "\n", 1024)     = 1
22:39:01.919760 write(4, "HTTP/1.1 404 Not Found\r\nConnecti"..., 121) = 121
22:39:01.920837 read(0, "close", 1024)  = 5
22:39:01.971843 read(0, "\n", 1024)     = 1
22:39:02.023029 setsockopt(4, SOL_TCP, TCP_NODELAY, [1], 4) = 0
22:39:02.023187 shutdown(4, SHUT_RDWR)  = 0
22:39:02.024687 close(4)                = 0
22:39:02.024815 write(1, "closed\n", 7) = 7
22:39:02.024952 read(0, 0x559cd10b1a40, 1024) = ? ERESTARTSYS (To be restarted if SA_RESTART is set)
22:39:02.025605 --- SIGUSR1 {si_signo=SIGUSR1, si_code=SI_USER, si_pid=11677, si_uid=1000} ---
22:39:02.025680 rt_sigreturn({mask=[]}) = -1 EINTR (Interrupted system call)
22:39:02.025777 read(0, "accept", 1024) = 6
22:39:02.077165 read(0, "\n", 1024)     = 1
22:39:02.128311 accept(3, NULL, NULL)   = 4
22:39:02.544553 fcntl(4, F_GETFL)       = 0x2 (flags O_RDWR)
22:39:02.544696 read(0, "readline", 1024) = 8
22:39:02.598299 read(0, "\n", 1024)     = 1
22:39:02.649971 fstat(4, {st_mode=S_IFSOCK|0777, st_size=0, ...}) = 0
22:39:02.650233 read(4, "POST /SyCKqnt7iO7Uy/Aohk20Uy0mAU"..., 4096) = 730
22:39:02.650356 write(1, "504f5354202f5379434b716e7437694f"..., 93) = 93
22:39:02.650455 read(0, "readline", 1024) = 8
22:39:02.701863 read(0, "\n", 1024)     = 1
22:39:02.754954 write(1, "486f73743a2069706164732e73652e73"..., 57) = 57
22:39:02.755798 read(0, "readline", 1024) = 8
22:39:02.808125 read(0, "\n", 1024)     = 1
22:39:02.859192 write(1, "436f6e6e656374696f6e3a20636c6f73"..., 39) = 39
22:39:02.859576 read(0, "readline", 1024) = 8
22:39:02.911436 read(0, "\n", 1024)     = 1
22:39:02.962558 write(1, "417574686f72697a6174696f6e3a2042"..., 79) = 79
22:39:02.962767 read(0, "readline", 1024) = 8
22:39:03.014662 read(0, "\n", 1024)     = 1
22:39:03.065904 write(1, "4163636570743a20746578742f706c61"..., 41) = 41
22:39:03.066114 read(0, "readline", 1024) = 8
22:39:03.117903 read(0, "\n", 1024)     = 1
22:39:03.169102 write(1, "436f6e74656e742d4c656e6774683a20"..., 43) = 43
22:39:03.169306 read(0, "readline", 1024) = 8
22:39:03.221101 read(0, "\n", 1024)     = 1
22:39:03.272396 write(1, "0d0a\n", 5)   = 5
22:39:03.272573 read(0, "read 555", 1024) = 8
22:39:03.324498 read(0, "\n", 1024)     = 1
22:39:03.375581 write(1, "5763776a5957567a3632664b59623143"..., 1024) = 1024
22:39:03.375753 write(1, "154a3d075341e99cd27d47aff01a3cb9"..., 87) = 87
22:39:03.375858 read(0, "send 7833", 1024) = 9
22:39:03.427767 read(0, "\n", 1024)     = 1
22:39:03.479061 read(0, "485454502f312e3120343034204e6f74"..., 1024) = 1024
22:39:03.530077 read(0, "2bae532c746ad76a80252a9737c82831"..., 1024) = 1024
22:39:03.530276 read(0, "64ee1ed5ad614cac299c694ba7f74164"..., 1024) = 1024
22:39:03.530671 read(0, "302a53bf887ba9a7c354883a53d116fe"..., 1024) = 1024
22:39:03.530826 read(0, "ffe859a0a8d6e4b697ca26f9d098cbfe"..., 1024) = 1024
22:39:03.531081 read(0, "d8a9dd8818d0c785cef6735cb165d65c"..., 1024) = 1024
22:39:03.531256 read(0, "af9b8411c94f3ae74a1fe6c3b09cc3c9"..., 1024) = 1024
22:39:03.531557 read(0, "3715d7eacd4b1122704124d5c6ad4f35"..., 1024) = 1024
22:39:03.531686 read(0, "12658e09cacd2303a70ff6c9ebeeb83a"..., 1024) = 1024
22:39:03.532069 read(0, "634db12376800170013d5e8cd012bd60"..., 1024) = 1024
22:39:03.532189 read(0, "4f490b763f215eb8f8588c214f21dd17"..., 1024) = 1024
22:39:03.532295 read(0, "ccdaebb4585a4ff754a4d67a4876942d"..., 1024) = 1024
22:39:03.532386 read(0, "a184abd278675a70988c4e3a3a129345"..., 1024) = 1024
22:39:03.532553 read(0, "9812d438a6209ea2fbda07fb9b6baf9e"..., 1024) = 1024
22:39:03.532638 read(0, "46ede912e30d46e7005bd229913ddfe3"..., 1024) = 1024
22:39:03.532715 read(0, "44751e23dcf6930f152356c6e719c02a"..., 1024) = 306
22:39:03.532792 read(0, "\n", 1024)     = 1
22:39:03.584112 write(4, "HTTP/1.1 404 Not Found\r\nConnecti"..., 4096) = 4096
22:39:03.588399 write(4, "\22e\216\t\312\315#\3\247\17\366\311\353\356\270:\375m;O\263\230\0073\333\230*\320\202\211\221^"..., 3737) = 3737
22:39:03.588545 read(0, "close", 1024)  = 5
22:39:03.633991 read(0, "\n", 1024)     = 1
22:39:03.685022 --- SIGUSR1 {si_signo=SIGUSR1, si_code=SI_USER, si_pid=11677, si_uid=1000} ---
22:39:03.685045 rt_sigreturn({mask=[]}) = 1
22:39:03.685069 setsockopt(4, SOL_TCP, TCP_NODELAY, [1], 4) = 0
22:39:03.685090 shutdown(4, SHUT_RDWR)  = 0
22:39:03.685120 close(4)                = 0
22:39:03.685147 write(1, "closed\n", 7) = 7
22:39:03.685168 read(0, "accept", 1024) = 6
22:39:03.736105 read(0, "\n", 1024)     = 1
22:39:03.786254 accept(3, NULL, NULL)   = 4
22:39:04.205945 fcntl(4, F_GETFL)       = 0x2 (flags O_RDWR)
22:39:04.206058 read(0, "readline", 1024) = 8
22:39:10.282096 read(0, "\n", 1024)     = 1
22:39:10.333169 fstat(4, {st_mode=S_IFSOCK|0777, st_size=0, ...}) = 0
22:39:10.333299 read(4, "POST /dEiAs4Mdc1wZ5Jebc/7MM1OvdK"..., 4096) = 328
22:39:10.333395 write(1, "504f5354202f6445694173344d646331"..., 107) = 107
22:39:10.333476 read(0, "readline", 1024) = 8
22:39:10.385605 read(0, "\n", 1024)     = 1
22:39:10.436797 write(1, "4163636570742d436861727365743a20"..., 51) = 51
22:39:10.437208 read(0, "readline", 1024) = 8
22:39:10.488632 read(0, "\n", 1024)     = 1
22:39:10.540011 write(1, "486f73743a207777772e676f6f676c65"..., 45) = 45
22:39:10.540397 read(0, "readline", 1024) = 8
22:39:10.592955 read(0, "\n", 1024)     = 1
22:39:10.643977 write(1, "417574686f72697a6174696f6e3a2042"..., 79) = 79
22:39:10.644626 read(0, "readline", 1024) = 8
22:39:10.697122 read(0, "\n", 1024)     = 1
22:39:10.748040 write(1, "4163636570743a206170706c69636174"..., 69) = 69
22:39:10.748167 read(0, "readline", 1024) = 8
22:39:10.799404 read(0, "\n", 1024)     = 1
22:39:10.850572 write(1, "436f6e74656e742d4c656e6774683a20"..., 43) = 43
22:39:10.850720 read(0, "readline", 1024) = 8
22:39:10.902678 read(0, "\n", 1024)     = 1
22:39:10.953648 write(1, "0d0a\n", 5)   = 5
22:39:10.953785 read(0, "read 132", 1024) = 8
22:39:11.004943 read(0, "\n", 1024)     = 1
22:39:11.056332 write(1, "74396637706a4e39726555416c333d69"..., 265) = 265
22:39:11.056968 read(0, "send 65", 1024) = 7
22:39:11.111302 read(0, "\n", 1024)     = 1
22:39:11.162477 read(0, "485454502f312e312035303020496e74"..., 1024) = 130
22:39:11.213470 read(0, "\n", 1024)     = 1
22:39:11.264598 write(4, "HTTP/1.1 500 Internal Server Err"..., 65) = 65
22:39:11.264812 read(0, "send 35", 1024) = 7
22:39:12.317510 read(0, "\n", 1024)     = 1
22:39:12.368654 read(0, "6374696f6e3a206b6565702d616c6976"..., 1024) = 70
22:39:12.422530 read(0, "\n", 1024)     = 1
22:39:12.474094 write(4, "ction: keep-alive\r\nAuthorization"..., 35) = 35
22:39:12.474480 read(0, "send 57", 1024) = 7
22:39:13.526759 read(0, "\n", 1024)     = 1
22:39:13.577865 read(0, "61736963205957527461363763595752"..., 1024) = 114
22:39:13.629134 read(0, "\n", 1024)     = 1
22:39:13.680315 write(4, "asic YWRta67cYWRtaW4=\r\nServer: J"..., 57) = 57
22:39:13.680683 read(0, "send 6", 1024) = 6
22:39:14.732872 read(0, "\n", 1024)     = 1
22:39:14.784184 read(0, "656e742d4c65", 1024) = 12
22:39:14.835304 read(0, "\n", 1024)     = 1
22:39:14.886117 write(4, "ent-Le", 6)   = 6
22:39:14.886368 read(0, "send 177", 1024) = 8
22:39:15.939003 read(0, "\n", 1024)     = 1
22:39:15.989903 read(0, "6e6774683a203330310d0a0d0a27e95b"..., 1024) = 354
22:39:16.040451 read(0, "\n", 1024)     = 1
22:39:16.091512 write(4, "ngth: 301\r\n\r\n'\351[\340\310D\22.\v\0263q\325]b\27d\244x"..., 177) = 177
22:39:16.091722 read(0, "send 137", 1024) = 8
22:39:17.144312 read(0, "\n", 1024)     = 1
22:39:17.195514 read(0, "62a3dc6f80d2fc2396d3703798819fc3"..., 1024) = 274
22:39:17.246584 read(0, "\n", 1024)     = 1
22:39:17.296873 write(4, "b\243\334o\200\322\374#\226\323p7\230\201\237\303\266\221\201H \315\211\321\236.\22\201\202\21\307\224"..., 137) = 137
22:39:17.297056 read(0, "close", 1024)  = 5
22:39:18.178043 read(0, "\n", 1024)     = 1
22:39:18.229188 setsockopt(4, SOL_TCP, TCP_NODELAY, [1], 4) = 0
22:39:18.229307 shutdown(4, SHUT_RDWR)  = 0
22:39:18.229454 close(4)                = 0
22:39:18.229549 write(1, "closed\n", 7) = 7
22:39:18.229630 read(0, 0x559cd10b1a40, 1024) = ? ERESTARTSYS (To be restarted if SA_RESTART is set)
22:39:18.230095 --- SIGUSR1 {si_signo=SIGUSR1, si_code=SI_USER, si_pid=11677, si_uid=1000} ---
22:39:18.230148 rt_sigreturn({mask=[]}) = -1 EINTR (Interrupted system call)
22:39:18.230222 read(0, "accept", 1024) = 6
22:39:18.283320 read(0, "\n", 1024)     = 1
22:39:18.334471 accept(3, NULL, NULL)   = 4
22:39:18.813738 fcntl(4, F_GETFL)       = 0x2 (flags O_RDWR)
22:39:18.813811 read(0, "readline", 1024) = 8
22:39:18.867499 read(0, "\n", 1024)     = 1
22:39:18.917889 fstat(4, {st_mode=S_IFSOCK|0777, st_size=0, ...}) = 0
22:39:18.917924 read(4, "POST /FaH53Q7V72tkgUh5lTqxko9rf0"..., 4096) = 4096
22:39:18.918008 read(4, "MqV2WyBVrNtpB5gh8W03Hbo61kqW5mLf"..., 4096) = 4096
22:39:18.918078 write(1, "504f5354202f46614835335137563732"..., 1024) = 1024
22:39:18.918102 write(1, "44413749545956327276674151705a69"..., 10240) = 10240
22:39:18.921622 write(1, "4b4e61724150557a517a6d586e717132"..., 587) = 587
22:39:18.921649 read(0, "readline", 1024) = 8
22:39:18.975732 read(0, "\n", 1024)     = 1
22:39:19.025961 write(1, "4163636570742d436861727365743a20"..., 49) = 49
22:39:19.025991 read(0, "readline", 1024) = 8
22:39:19.077132 read(0, "\n", 1024)     = 1
22:39:19.127481 write(1, "486f73743a207777772e636e626c6f67"..., 47) = 47
22:39:19.127529 read(0, "readline", 1024) = 8
22:39:19.179778 read(0, "\n", 1024)     = 1
22:39:19.231164 write(1, "436f6e6e656374696f6e3a20636c6f73"..., 39) = 39
22:39:19.231303 read(0, "readline", 1024) = 8
22:39:19.282875 read(0, "\n", 1024)     = 1
22:39:19.334126 write(1, "417574686f72697a6174696f6e3a2042"..., 79) = 79
22:39:19.334686 read(0, "readline", 1024) = 8
22:39:19.387594 read(0, "\n", 1024)     = 1
22:39:19.438407 write(1, "4163636570743a20746578742f706c61"..., 41) = 41
22:39:19.438539 read(0, "readline", 1024) = 8
22:39:19.491594 read(0, "\n", 1024)     = 1
22:39:19.542734 write(1, "436f6e74656e742d4c656e6774683a20"..., 47) = 47
22:39:19.542884 read(0, "readline", 1024) = 8
22:39:19.594885 read(0, "\n", 1024)     = 1
22:39:19.646065 write(1, "0d0a\n", 5)   = 5
22:39:19.646214 read(0, "read 11778", 1024) = 10
22:39:19.698140 read(0, "\n", 1024)     = 1
22:39:19.749241 read(4, "68cvNwxwHl61VFpwJuCyxvqQAyHkeA0j"..., 8192) = 8192
22:39:19.749376 read(4, "PM9SX8EezXWs9TImw7DI7M254uCZq3nY"..., 4096) = 1469
22:39:19.749602 write(1, "56377a65306234444e6a58504b364d43"..., 1024) = 1024
22:39:19.749788 write(1, "4a576e6b516a67736373543461485344"..., 22528) = 22528
22:39:19.759274 write(1, "4b4e\n", 5)   = 5
22:39:19.759426 read(0, "send 11594", 1024) = 10
22:39:19.813426 read(0, "\n", 1024)     = 1
22:39:19.864641 read(0, "485454502f312e312035303020496e74"..., 1024) = 1024
22:39:19.915867 read(0, "18f2d3c47e9b45da456cdd27dbc2ab9a"..., 1024) = 1024
22:39:19.915994 read(0, "32f52ecb1fde8986f43a1cb5678501e3"..., 1024) = 1024
22:39:19.916266 read(0, "a0f12915d8a5daa35e1f7a5bd8f5f8b7"..., 1024) = 1024
22:39:19.916349 read(0, "8039d2c7967287bb7433f74234b55c5b"..., 1024) = 1024
22:39:19.916489 read(0, "a9778f447ca1abf6914bfbd13c2a7723"..., 1024) = 1024
22:39:19.916585 read(0, "147033209f24d2f78524f1afa88036d5"..., 1024) = 1024
22:39:19.916722 read(0, "af9a67a999f15fe2d2bf917265bcc0ed"..., 1024) = 1024
22:39:19.916788 read(0, "1ed17186581e91da762ab4d2966cefc0"..., 1024) = 1024
22:39:19.916907 read(0, "64693b88b167ea7c6e69ba6eff62fe26"..., 1024) = 1024
22:39:19.916973 read(0, "3acb061e11273de838e2a3b040f0b86d"..., 1024) = 1024
22:39:19.917091 read(0, "64fef607ff3be2182fa1e3ed961761ad"..., 1024) = 1024
22:39:19.917228 read(0, "e7552fa7a42a977285b0c090e08270af"..., 1024) = 1024
22:39:19.917419 read(0, "3908b879762e7b4170f6782c3ff41660"..., 1024) = 1024
22:39:19.917488 read(0, "7e2f4a6c980bd5ca54030d536a7abdf1"..., 1024) = 1024
22:39:19.917551 read(0, "389ced7ef722e7224ba4e2de1ef696d2"..., 1024) = 1023
22:39:19.917617 read(0, "c4d2ad1d4d4b23d305fce69a1b66d8d7"..., 1024) = 1024
22:39:19.917769 read(0, "055496735b51be5ab18409e038b20742"..., 1024) = 1024
22:39:19.917834 read(0, "a09cdac057636810dc47356f4101fc59"..., 1024) = 1024
22:39:19.917898 read(0, "9b6b3ebf9f3a1eef37a97955579f01c3"..., 1024) = 1023
22:39:19.917961 read(0, "44e445b3eee8333cef6078285653f170"..., 1024) = 1024
22:39:19.918064 read(0, "f2c50d54ca09797adcd5ee7e38f44a6d"..., 1024) = 514
22:39:19.918130 read(0, "f177053eafdca4b3fc484697326362a6"..., 1024) = 1024
22:39:19.918533 read(0, "e759beb60c04896b6fa6753ae1360eef"..., 1024) = 148
22:39:19.918643 read(0, "\n", 1024)     = 1
22:39:19.970686 write(4, "HTTP/1.1 500 Internal Server Err"..., 8192) = 8192
22:39:19.974934 write(4, "M*\321\324\324\262=0_\316i\241\266m\215q\323\355\343\330\345\302\225ln\311Hh\346c\255\r"..., 3402) = 3402
22:39:19.975047 read(0, "close", 1024)  = 5
22:39:20.782039 read(0, "\n", 1024)     = 1
22:39:20.833179 setsockopt(4, SOL_TCP, TCP_NODELAY, [1], 4) = 0
22:39:20.833314 shutdown(4, SHUT_RDWR)  = 0
22:39:20.833479 close(4)                = 0
22:39:20.833719 write(1, "closed\n", 7) = 7
22:39:20.833848 read(0, 0x559cd10b1a40, 1024) = ? ERESTARTSYS (To be restarted if SA_RESTART is set)
22:39:20.834391 --- SIGUSR1 {si_signo=SIGUSR1, si_code=SI_USER, si_pid=11677, si_uid=1000} ---
22:39:20.834457 rt_sigreturn({mask=[]}) = -1 EINTR (Interrupted system call)
22:39:20.834542 read(0, "accept", 1024) = 6
22:39:20.887354 read(0, "\n", 1024)     = 1
22:39:20.938280 accept(3, NULL, NULL)   = 4
22:39:21.350576 fcntl(4, F_GETFL)       = 0x2 (flags O_RDWR)
22:39:21.350604 read(0, "readline", 1024) = 8
22:39:21.404248 read(0, "\n", 1024)     = 1
22:39:21.454548 fstat(4, {st_mode=S_IFSOCK|0777, st_size=0, ...}) = 0
22:39:21.454580 read(4, "POST /FaH53Q7V72tkgUh5lTqxko9rf0"..., 4096) = 4096
22:39:21.454665 read(4, "MqV2WyBVrNtpB5gh8W03Hbo61kqW5mLf"..., 4096) = 4096
22:39:21.454736 write(1, "504f5354202f46614835335137563732"..., 1024) = 1024
22:39:21.454760 write(1, "44413749545956327276674151705a69"..., 10240) = 10240
22:39:21.458399 write(1, "4b4e61724150557a517a6d586e717132"..., 587) = 587
22:39:21.458426 read(0, "readline", 1024) = 8
22:39:21.512544 read(0, "\n", 1024)     = 1
22:39:21.562775 write(1, "4163636570742d436861727365743a20"..., 51) = 51
22:39:21.562805 read(0, "readline", 1024) = 8
22:39:21.613984 read(0, "\n", 1024)     = 1
22:39:21.664599 write(1, "486f73743a207777772e636e626c6f67"..., 47) = 47
22:39:21.664722 read(0, "readline", 1024) = 8
22:39:21.717520 read(0, "\n", 1024)     = 1
22:39:21.768861 write(1, "436f6e6e656374696f6e3a206b656570"..., 49) = 49
22:39:21.768985 read(0, "readline", 1024) = 8
22:39:21.820803 read(0, "\n", 1024)     = 1
22:39:21.871953 write(1, "417574686f72697a6174696f6e3a2042"..., 79) = 79
22:39:21.872090 read(0, "readline", 1024) = 8
22:39:21.924032 read(0, "\n", 1024)     = 1
22:39:21.975184 write(1, "4163636570743a20696d6167652f6a70"..., 41) = 41
22:39:21.975318 read(0, "readline", 1024) = 8
22:39:22.027309 read(0, "\n", 1024)     = 1
22:39:22.078456 write(1, "436f6e74656e742d4c656e6774683a20"..., 47) = 47
22:39:22.078591 read(0, "readline", 1024) = 8
22:39:22.130723 read(0, "\n", 1024)     = 1
22:39:22.181776 write(1, "0d0a\n", 5)   = 5
22:39:22.181924 read(0, "read 12110", 1024) = 10
22:39:22.233723 read(0, "\n", 1024)     = 1
22:39:22.285063 read(4, "\4F^W\0\3179\301\356\"F\356EU\0255\331\336\177\277\33\223@\230\260M\277s\\\34\332\223"..., 8192) = 8192
22:39:22.285216 read(4, "T%\233g`:\177\\\377\325L\227\336\360%&\264D\267\303\r\24\7\244L'\216\341\210\341\232\27"..., 4096) = 1807
22:39:22.285611 write(1, "429813193710f8924fb35920cd2023bb"..., 1024) = 1024
22:39:22.285748 write(1, "657886258f1447726cba6d3138abef4c"..., 22528) = 22528
22:39:22.296220 write(1, "4b606419871d96547d4020118c3b775f"..., 669) = 669
22:39:22.296373 read(0, "send 11592", 1024) = 10
22:39:22.350093 read(0, "\n", 1024)     = 1
22:39:22.401353 read(0, "485454502f312e312035303020496e74"..., 1024) = 1024
22:39:22.452727 read(0, "d3c47e9b45da456cdd27dbc2ab9af6ef"..., 1024) = 1024
22:39:22.453069 read(0, "2ecb1fde8986f43a1cb5678501e32192"..., 1024) = 1024
22:39:22.453506 read(0, "2915d8a5daa35e1f7a5bd8f5f8b76bfa"..., 1024) = 1024
22:39:22.453645 read(0, "d2c7967287bb7433f74234b55c5b3679"..., 1024) = 1024
22:39:22.453845 read(0, "8f447ca1abf6914bfbd13c2a77231be2"..., 1024) = 1024
22:39:22.453916 read(0, "33209f24d2f78524f1afa88036d58201"..., 1024) = 1024
22:39:22.454164 read(0, "67a999f15fe2d2bf917265bcc0ed1f6e"..., 1024) = 1024
22:39:22.454233 read(0, "7186581e91da762ab4d2966cefc09047"..., 1024) = 1024
22:39:22.454342 read(0, "3b88b167ea7c6e69ba6eff62fe26d5fd"..., 1024) = 1024
22:39:22.454401 read(0, "061e11273de838e2a3b040f0b86d6ecd"..., 1024) = 1024
22:39:22.454507 read(0, "f607ff3be2182fa1e3ed961761ad01a4"..., 1024) = 1024
22:39:22.454566 read(0, "2fa7a42a977285b0c090e08270af2e14"..., 1024) = 1024
22:39:22.454672 read(0, "b879762e7b4170f6782c3ff41660d917"..., 1024) = 1024
22:39:22.454730 read(0, "4a6c980bd5ca54030d536a7abdf18cb2"..., 1024) = 1024
22:39:22.454835 read(0, "ed7ef722e7224ba4e2de1ef696d2e0d0"..., 1024) = 1024
22:39:22.454893 read(0, "d1d4d4b23d305fce69a1b66d8d71d3ed"..., 1024) = 1024
22:39:22.455062 read(0, "6735b51be5ab18409e038b207424fda4"..., 1024) = 1024
22:39:22.455125 read(0, "ac057636810dc47356f4101fc59fce4c"..., 1024) = 1024
22:39:22.455232 read(0, "ebf9f3a1eef37a97955579f01c3d5e5e"..., 1024) = 1024
22:39:22.455290 read(0, "b3eee8333cef6078285653f170c90938"..., 1024) = 1024
22:39:22.455395 read(0, "54ca09797adcd5ee7e38f44a6d642292"..., 1024) = 1024
22:39:22.455453 read(0, "d466b51b52dc46cbaa52869fe7e84464"..., 1024) = 656
22:39:22.455538 read(0, "\n", 1024)     = 1
22:39:22.507339 write(4, "HTTP/1.1 500 Internal Server Err"..., 8192) = 8192
22:39:22.512605 write(4, "\321\324\324\262=0_\316i\241\266m\215q\323\355\343\330\345\302\225ln\311Hh\346c\255\r\271f"..., 3400) = 3400
22:39:22.512853 read(0, "close", 1024)  = 5
22:39:23.312662 read(0, "\n", 1024)     = 1
22:39:23.363757 setsockopt(4, SOL_TCP, TCP_NODELAY, [1], 4) = 0
22:39:23.363872 shutdown(4, SHUT_RDWR)  = 0
22:39:23.364010 close(4)                = 0
22:39:23.364100 write(1, "closed\n", 7) = 7
22:39:23.364175 read(0, 0x559cd10b1a40, 1024) = ? ERESTARTSYS (To be restarted if SA_RESTART is set)
22:39:23.364510 --- SIGUSR1 {si_signo=SIGUSR1, si_code=SI_USER, si_pid=11677, si_uid=1000} ---
22:39:23.364565 rt_sigreturn({mask=[]}) = -1 EINTR (Interrupted system call)
22:39:23.364637 read(0, "accept", 1024) = 6
22:39:23.417163 read(0, "\n", 1024)     = 1
22:39:23.468088 accept(3, NULL, NULL)   = 4
22:39:23.884637 fcntl(4, F_GETFL)       = 0x2 (flags O_RDWR)
22:39:23.884722 read(0, "readline", 1024) = 8
22:39:23.936509 read(0, "\n", 1024)     = 1
22:39:23.987389 fstat(4, {st_mode=S_IFSOCK|0777, st_size=0, ...}) = 0
22:39:23.987537 read(4, "GET / HTTP/1.1\r\nAccept-Charset: "..., 4096) = 157
22:39:23.987625 write(1, "474554202f20485454502f312e310d0a"..., 33) = 33
22:39:23.987700 read(0, "readline", 1024) = 8
22:39:24.040918 read(0, "\n", 1024)     = 1
22:39:24.092145 write(1, "4163636570742d436861727365743a20"..., 49) = 49
22:39:24.092831 read(0, "readline", 1024) = 8
22:39:24.146014 read(0, "\n", 1024)     = 1
22:39:24.197166 write(1, "486f73743a207777772e636e626c6f67"..., 47) = 47
22:39:24.197306 read(0, "readline", 1024) = 8
22:39:24.248837 read(0, "\n", 1024)     = 1
22:39:24.300419 write(1, "436f6e6e656374696f6e3a20636c6f73"..., 39) = 39
22:39:24.300711 read(0, "readline", 1024) = 8
22:39:24.352522 read(0, "\n", 1024)     = 1
22:39:24.403664 write(1, "417574686f72697a6174696f6e3a2042"..., 79) = 79
22:39:24.403785 read(0, "readline", 1024) = 8
22:39:24.456839 read(0, "\n", 1024)     = 1
22:39:24.507949 write(1, "4163636570743a206170706c69636174"..., 69) = 69
22:39:24.508089 read(0, "readline", 1024) = 8
22:39:24.560297 read(0, "\n", 1024)     = 1
22:39:24.611215 write(1, "0d0a\n", 5)   = 5
22:39:24.611333 read(0, "send 559", 1024) = 8
22:39:24.665357 read(0, "\n", 1024)     = 1
22:39:24.716703 read(0, "485454502f312e312034303120556e61"..., 1024) = 1024
22:39:24.767647 read(0, "786eaca07193c4375cad4212969b263f"..., 1024) = 94
22:39:24.767757 read(0, "\n", 1024)     = 1
22:39:24.818859 write(4, "HTTP/1.1 401 Unauthorized\r\nAccep"..., 559) = 559
22:39:24.819036 read(0, "close", 1024)  = 5
22:39:25.709203 read(0, "\n", 1024)     = 1
22:39:25.760370 setsockopt(4, SOL_TCP, TCP_NODELAY, [1], 4) = 0
22:39:25.760509 shutdown(4, SHUT_RDWR)  = 0
22:39:25.760671 close(4)                = 0
22:39:25.760780 write(1, "closed\n", 7) = 7
22:39:25.760974 read(0, 0x559cd10b1a40, 1024) = ? ERESTARTSYS (To be restarted if SA_RESTART is set)
22:39:25.761120 --- SIGUSR1 {si_signo=SIGUSR1, si_code=SI_USER, si_pid=11677, si_uid=1000} ---
22:39:25.761172 rt_sigreturn({mask=[]}) = -1 EINTR (Interrupted system call)
22:39:25.761251 read(0, "accept", 1024) = 6
22:39:25.812458 read(0, "\n", 1024)     = 1
22:39:25.863591 accept(3, NULL, NULL)   = 4
22:39:26.279929 fcntl(4, F_GETFL)       = 0x2 (flags O_RDWR)
22:39:26.280058 read(0, "readline", 1024) = 8
22:39:26.330877 read(0, "\n", 1024)     = 1
22:39:26.381982 fstat(4, {st_mode=S_IFSOCK|0777, st_size=0, ...}) = 0
22:39:26.382122 read(4, "GET /JrbBPTwCEISuFQXi/oHIJmp7OkE"..., 4096) = 197
22:39:26.382228 write(1, "474554202f4a72624250547743454953"..., 231) = 231
22:39:26.382317 read(0, "readline", 1024) = 8
22:39:26.434001 read(0, "\n", 1024)     = 1
22:39:26.484562 write(1, "486f73743a207777772e62616964752e"..., 43) = 43
22:39:26.484699 read(0, "readline", 1024) = 8
22:39:26.536458 read(0, "\n", 1024)     = 1
22:39:26.587532 write(1, "417574686f72697a6174696f6e3a2042"..., 79) = 79
22:39:26.587671 read(0, "readline", 1024) = 8
22:39:26.639617 read(0, "\n", 1024)     = 1
22:39:26.690863 write(1, "4163636570743a20696d6167652f6a70"..., 41) = 41
22:39:26.691002 read(0, "readline", 1024) = 8
22:39:26.742435 read(0, "\n", 1024)     = 1
22:39:26.793079 write(1, "0d0a\n", 5)   = 5
22:39:26.793230 read(0, "send 625", 1024) = 8
22:39:26.847172 read(0, "\n", 1024)     = 1
22:39:26.898372 read(0, "485454502f312e3120343034204e6f74"..., 1024) = 1024
22:39:26.949349 read(0, "c43b5be3278c2660a0275e9fac2b0297"..., 1024) = 226
22:39:26.949457 read(0, "\n", 1024)     = 1
22:39:27.000561 write(4, "HTTP/1.1 404 Not Found\r\nHost: ww"..., 625) = 625
22:39:27.000746 read(0, "close", 1024)  = 5
22:39:27.785777 read(0, "\n", 1024)     = 1
22:39:27.836843 setsockopt(4, SOL_TCP, TCP_NODELAY, [1], 4) = 0
22:39:27.836979 shutdown(4, SHUT_RDWR)  = 0
22:39:27.837145 close(4)                = 0
22:39:27.837258 write(1, "closed\n", 7) = 7
22:39:27.837503 read(0, 0x559cd10b1a40, 1024) = ? ERESTARTSYS (To be restarted if SA_RESTART is set)
22:39:27.837830 --- SIGUSR1 {si_signo=SIGUSR1, si_code=SI_USER, si_pid=11677, si_uid=1000} ---
22:39:27.837890 rt_sigreturn({mask=[]}) = -1 EINTR (Interrupted system call)
22:39:27.837972 read(0, "accept", 1024) = 6
22:39:27.890859 read(0, "\n", 1024)     = 1
22:39:27.942227 accept(3, NULL, NULL)   = 4
22:39:28.360037 fcntl(4, F_GETFL)       = 0x2 (flags O_RDWR)
22:39:28.360186 read(0, "readline", 1024) = 8
22:39:28.412212 read(0, "\n", 1024)     = 1
22:39:28.463733 fstat(4, {st_mode=S_IFSOCK|0777, st_size=0, ...}) = 0
22:39:28.463857 read(4, "POST /4Xzp6c4Efb0WixGV/tQta3VVG7"..., 4096) = 543
22:39:28.463946 write(1, "504f5354202f34587a70366334456662"..., 105) = 105
22:39:28.464135 read(0, "readline", 1024) = 8
22:39:28.516502 read(0, "\n", 1024)     = 1
22:39:28.567087 write(1, "4163636570742d436861727365743a20"..., 49) = 49
22:39:28.567514 read(0, "readline", 1024) = 8
22:39:28.621707 read(0, "\n", 1024)     = 1
22:39:28.671127 write(1, "436f6e74656e742d4c656e6774683a20"..., 43) = 43
22:39:28.671278 read(0, "readline", 1024) = 8
22:39:28.723125 read(0, "\n", 1024)     = 1
22:39:28.774377 write(1, "0d0a\n", 5)   = 5
22:39:28.774528 read(0, "read 444", 1024) = 8
22:39:28.826504 read(0, "\n", 1024)     = 1
22:39:28.877571 write(1, "784668794a43456c4d73783073357162"..., 889) = 889
22:39:28.877715 read(0, "send 382", 1024) = 8
22:39:28.930744 read(0, "\n", 1024)     = 1
22:39:28.981290 read(0, "485454502f312e312034303020426164"..., 1024) = 764
22:39:29.033075 read(0, "\n", 1024)     = 1
22:39:29.084216 write(4, "HTTP/1.1 400 Bad Request\r\nAccept"..., 382) = 382
22:39:29.086573 read(0, "close", 1024)  = 5
22:39:29.661748 read(0, "\n", 1024)     = 1
22:39:29.712753 setsockopt(4, SOL_TCP, TCP_NODELAY, [1], 4) = 0
22:39:29.712904 shutdown(4, SHUT_RDWR)  = 0
22:39:29.713081 close(4)                = 0
22:39:29.713230 write(1, "closed\n", 7) = 7
22:39:29.714271 read(0, 0x559cd10b1a40, 1024) = ? ERESTARTSYS (To be restarted if SA_RESTART is set)
22:39:29.715011 --- SIGUSR1 {si_signo=SIGUSR1, si_code=SI_USER, si_pid=11677, si_uid=1000} ---
22:39:29.715166 rt_sigreturn({mask=[]}) = -1 EINTR (Interrupted system call)
22:39:29.715415 read(0, "accept", 1024) = 6
22:39:29.767007 read(0, "\n", 1024)     = 1
22:39:29.818187 accept(3, NULL, NULL)   = ? ERESTARTSYS (To be restarted if SA_RESTART is set)
22:39:30.335523 --- SIGUSR1 {si_signo=SIGUSR1, si_code=SI_USER, si_pid=11677, si_uid=1000} ---
22:39:30.335626 rt_sigreturn({mask=[]}) = -1 EINTR (Interrupted system call)
22:39:30.335730 read(0, "close\n", 1024) = 6
22:39:30.335821 write(1, "closed\n", 7) = 7
22:39:30.335901 read(0, "accept", 1024) = 6
22:39:30.388538 read(0, "\n", 1024)     = 1
22:39:30.439666 accept(3, NULL, NULL)   = 4
22:39:30.544499 fcntl(4, F_GETFL)       = 0x2 (flags O_RDWR)
22:39:30.544978 read(0, "close", 1024)  = 5
22:39:30.913927 read(0, "\n", 1024)     = 1
22:39:30.965136 setsockopt(4, SOL_TCP, TCP_NODELAY, [1], 4) = 0
22:39:30.965285 shutdown(4, SHUT_RDWR)  = 0
22:39:30.965460 close(4)                = 0
22:39:30.965577 write(1, "closed\n", 7) = 7
22:39:30.965825 read(0, 0x559cd10b1a40, 1024) = ? ERESTARTSYS (To be restarted if SA_RESTART is set)
22:39:30.966007 --- SIGUSR1 {si_signo=SIGUSR1, si_code=SI_USER, si_pid=11677, si_uid=1000} ---
22:39:30.966067 rt_sigreturn({mask=[]}) = -1 EINTR (Interrupted system call)
22:39:30.966161 read(0, "accept", 1024) = 6
22:39:31.018417 read(0, "\n", 1024)     = 1
22:39:31.069646 accept(3, NULL, NULL)   = 4
22:39:31.069833 fcntl(4, F_GETFL)       = 0x2 (flags O_RDWR)
22:39:31.070129 read(0, "close", 1024)  = 5
22:39:31.538877 read(0, "\n", 1024)     = 1
22:39:31.589735 --- SIGUSR1 {si_signo=SIGUSR1, si_code=SI_USER, si_pid=11677, si_uid=1000} ---
22:39:31.589847 rt_sigreturn({mask=[]}) = 1
22:39:31.589947 setsockopt(4, SOL_TCP, TCP_NODELAY, [1], 4) = 0
22:39:31.590038 shutdown(4, SHUT_RDWR)  = 0
22:39:31.590212 close(4)                = 0
22:39:31.590426 write(1, "closed\n", 7) = 7
22:39:31.590822 read(0, "accept", 1024) = 6
22:39:31.642929 read(0, "\n", 1024)     = 1
22:39:31.694373 accept(3, NULL, NULL)   = 4
22:39:31.694559 fcntl(4, F_GETFL)       = 0x2 (flags O_RDWR)
22:39:31.694848 read(0, "readline", 1024) = 8
22:39:32.203275 read(0, "\n", 1024)     = 1
22:39:32.253921 fstat(4, {st_mode=S_IFSOCK|0777, st_size=0, ...}) = 0
22:39:32.254060 read(4, "POST /C7csyTpLnT/tAqpyfiUkJgebEr"..., 4096) = 222
22:39:32.254257 write(1, "504f5354202f433763737954704c6e54"..., 95) = 95
22:39:32.254349 read(0, "readline", 1024) = 8
22:39:32.306079 read(0, "\n", 1024)     = 1
22:39:32.356563 write(1, "4163636570742d436861727365743a20"..., 49) = 49
22:39:32.356867 read(0, "readline", 1024) = 8
22:39:32.409119 read(0, "\n", 1024)     = 1
22:39:32.460598 write(1, "486f73743a2069706164732e73652e73"..., 57) = 57
22:39:32.461056 read(0, "readline", 1024) = 8
22:39:32.515200 read(0, "\n", 1024)     = 1
22:39:32.566516 write(1, "436f6e6e656374696f6e3a206b656570"..., 49) = 49
22:39:32.566706 read(0, "readline", 1024) = 8
22:39:32.618495 read(0, "\n", 1024)     = 1
22:39:32.669808 write(1, "417574686f72697a6174696f6e3a2042"..., 79) = 79
22:39:32.669996 read(0, "readline", 1024) = 8
22:39:32.721530 read(0, "\n", 1024)     = 1
22:39:32.773799 write(1, "4163636570743a20696d6167652f6a70"..., 41) = 41
22:39:32.773995 read(0, "readline", 1024) = 8
22:39:32.825292 read(0, "\n", 1024)     = 1
22:39:32.876382 write(1, "436f6e74656e742d4c656e6774683a20"..., 43) = 43
22:39:32.876856 read(0, "readline", 1024) = 8
22:39:32.928506 read(0, "\n", 1024)     = 1
22:39:32.979785 write(1, "0d0a\n", 5)   = 5
22:39:32.979952 read(0, "read 496", 1024) = 8
22:39:33.031599 read(0, "\n", 1024)     = 1
22:39:33.082895 read(4, "", 4096)       = 0
22:39:33.083023 read(4, "", 4096)       = 0
22:39:33.083093 write(1, "error\n", 6)  = 6
22:39:33.083192 read(0, strace: Process 11685 detached
 <detached ...>
